This is pdfTeX, Version 3.141592653-2.6-1.40.23 (TeX Live 2021/W32TeX) (preloaded format=pdflatex 2021.12.14)  14 DEC 2021 18:13
entering extended mode
 restricted \write18 enabled.
 %&-line parsing enabled.
**AnalisisComponentesPrincipales_fusion.tex
(./AnalisisComponentesPrincipales_fusion.tex
LaTeX2e <2021-11-15> patch level 1
L3 programming layer <2021-11-22> (c:/Users/t169/AppData/Roaming/TinyTeX/texmf-
dist/tex/latex/beamer/beamer.cls
Document Class: beamer 2021/10/18 v3.64 A class for typesetting presentations

(c:/Users/t169/AppData/Roaming/TinyTeX/texmf-dist/tex/latex/beamer/beamerbasemo
des.sty
(c:/Users/t169/AppData/Roaming/TinyTeX/texmf-dist/tex/latex/etoolbox/etoolbox.s
ty
Package: etoolbox 2020/10/05 v2.5k e-TeX tools for LaTeX (JAW)
\etb@tempcnta=\count183
)
\beamer@tempbox=\box50
\beamer@tempcount=\count184
\c@beamerpauses=\count185

(c:/Users/t169/AppData/Roaming/TinyTeX/texmf-dist/tex/latex/beamer/beamerbasede
code.sty
\beamer@slideinframe=\count186
\beamer@minimum=\count187
\beamer@decode@box=\box51
)
\beamer@commentbox=\box52
\beamer@modecount=\count188
) (c:/Users/t169/AppData/Roaming/TinyTeX/texmf-dist/tex/generic/iftex/ifpdf.sty
Package: ifpdf 2019/10/25 v3.4 ifpdf legacy package. Use iftex instead.
(c:/Users/t169/AppData/Roaming/TinyTeX/texmf-dist/tex/generic/iftex/iftex.sty
Package: iftex 2020/03/06 v1.0d TeX engine tests
))
\headdp=\dimen138
\footheight=\dimen139
\sidebarheight=\dimen140
\beamer@tempdim=\dimen141
\beamer@finalheight=\dimen142
\beamer@animht=\dimen143
\beamer@animdp=\dimen144
\beamer@animwd=\dimen145
\beamer@leftmargin=\dimen146
\beamer@rightmargin=\dimen147
\beamer@leftsidebar=\dimen148
\beamer@rightsidebar=\dimen149
\beamer@boxsize=\dimen150
\beamer@vboxoffset=\dimen151
\beamer@descdefault=\dimen152
\beamer@descriptionwidth=\dimen153
\beamer@lastskip=\skip47
\beamer@areabox=\box53
\beamer@animcurrent=\box54
\beamer@animshowbox=\box55
\beamer@sectionbox=\box56
\beamer@logobox=\box57
\beamer@linebox=\box58
\beamer@sectioncount=\count189
\beamer@subsubsectionmax=\count190
\beamer@subsectionmax=\count191
\beamer@sectionmax=\count192
\beamer@totalheads=\count193
\beamer@headcounter=\count194
\beamer@partstartpage=\count195
\beamer@sectionstartpage=\count196
\beamer@subsectionstartpage=\count197
\beamer@animationtempa=\count198
\beamer@animationtempb=\count199
\beamer@xpos=\count266
\beamer@ypos=\count267
\beamer@ypos@offset=\count268
\beamer@showpartnumber=\count269
\beamer@currentsubsection=\count270
\beamer@coveringdepth=\count271
\beamer@sectionadjust=\count272
\beamer@toclastsection=\count273
\beamer@tocsectionnumber=\count274

(c:/Users/t169/AppData/Roaming/TinyTeX/texmf-dist/tex/latex/beamer/beamerbaseop
tions.sty
(c:/Users/t169/AppData/Roaming/TinyTeX/texmf-dist/tex/latex/graphics/keyval.sty
Package: keyval 2014/10/28 v1.15 key=value parser (DPC)
\KV@toks@=\toks16
))
\beamer@paperwidth=\skip48
\beamer@paperheight=\skip49

(c:/Users/t169/AppData/Roaming/TinyTeX/texmf-dist/tex/latex/geometry/geometry.s
ty
Package: geometry 2020/01/02 v5.9 Page Geometry
(c:/Users/t169/AppData/Roaming/TinyTeX/texmf-dist/tex/generic/iftex/ifvtex.sty
Package: ifvtex 2019/10/25 v1.7 ifvtex legacy package. Use iftex instead.
)
\Gm@cnth=\count275
\Gm@cntv=\count276
\c@Gm@tempcnt=\count277
\Gm@bindingoffset=\dimen154
\Gm@wd@mp=\dimen155
\Gm@odd@mp=\dimen156
\Gm@even@mp=\dimen157
\Gm@layoutwidth=\dimen158
\Gm@layoutheight=\dimen159
\Gm@layouthoffset=\dimen160
\Gm@layoutvoffset=\dimen161
\Gm@dimlist=\toks17
) (c:/Users/t169/AppData/Roaming/TinyTeX/texmf-dist/tex/latex/base/size11.clo
File: size11.clo 2021/10/04 v1.4n Standard LaTeX file (size option)
)
(c:/Users/t169/AppData/Roaming/TinyTeX/texmf-dist/tex/latex/pgf/basiclayer/pgfc
ore.sty
(c:/Users/t169/AppData/Roaming/TinyTeX/texmf-dist/tex/latex/graphics/graphicx.s
ty
Package: graphicx 2021/09/16 v1.2d Enhanced LaTeX Graphics (DPC,SPQR)

(c:/Users/t169/AppData/Roaming/TinyTeX/texmf-dist/tex/latex/graphics/graphics.s
ty
Package: graphics 2021/03/04 v1.4d Standard LaTeX Graphics (DPC,SPQR)
(c:/Users/t169/AppData/Roaming/TinyTeX/texmf-dist/tex/latex/graphics/trig.sty
Package: trig 2021/08/11 v1.11 sin cos tan (DPC)
)
(c:/Users/t169/AppData/Roaming/TinyTeX/texmf-dist/tex/latex/graphics-cfg/graphi
cs.cfg
File: graphics.cfg 2016/06/04 v1.11 sample graphics configuration
)
Package graphics Info: Driver file: pdftex.def on input line 107.

(c:/Users/t169/AppData/Roaming/TinyTeX/texmf-dist/tex/latex/graphics-def/pdftex
.def
File: pdftex.def 2020/10/05 v1.2a Graphics/color driver for pdftex
))
\Gin@req@height=\dimen162
\Gin@req@width=\dimen163
)
(c:/Users/t169/AppData/Roaming/TinyTeX/texmf-dist/tex/latex/pgf/systemlayer/pgf
sys.sty
(c:/Users/t169/AppData/Roaming/TinyTeX/texmf-dist/tex/latex/pgf/utilities/pgfrc
s.sty
(c:/Users/t169/AppData/Roaming/TinyTeX/texmf-dist/tex/generic/pgf/utilities/pgf
util-common.tex
\pgfutil@everybye=\toks18
\pgfutil@tempdima=\dimen164
\pgfutil@tempdimb=\dimen165

(c:/Users/t169/AppData/Roaming/TinyTeX/texmf-dist/tex/generic/pgf/utilities/pgf
util-common-lists.tex))
(c:/Users/t169/AppData/Roaming/TinyTeX/texmf-dist/tex/generic/pgf/utilities/pgf
util-latex.def
\pgfutil@abb=\box59
)
(c:/Users/t169/AppData/Roaming/TinyTeX/texmf-dist/tex/generic/pgf/utilities/pgf
rcs.code.tex
(c:/Users/t169/AppData/Roaming/TinyTeX/texmf-dist/tex/generic/pgf/pgf.revision.
tex)
Package: pgfrcs 2021/05/15 v3.1.9a (3.1.9a)
))
(c:/Users/t169/AppData/Roaming/TinyTeX/texmf-dist/tex/generic/pgf/systemlayer/p
gfsys.code.tex
Package: pgfsys 2021/05/15 v3.1.9a (3.1.9a)

(c:/Users/t169/AppData/Roaming/TinyTeX/texmf-dist/tex/generic/pgf/utilities/pgf
keys.code.tex
\pgfkeys@pathtoks=\toks19
\pgfkeys@temptoks=\toks20

(c:/Users/t169/AppData/Roaming/TinyTeX/texmf-dist/tex/generic/pgf/utilities/pgf
keysfiltered.code.tex
\pgfkeys@tmptoks=\toks21
))
\pgf@x=\dimen166
\pgf@y=\dimen167
\pgf@xa=\dimen168
\pgf@ya=\dimen169
\pgf@xb=\dimen170
\pgf@yb=\dimen171
\pgf@xc=\dimen172
\pgf@yc=\dimen173
\pgf@xd=\dimen174
\pgf@yd=\dimen175
\w@pgf@writea=\write3
\r@pgf@reada=\read2
\c@pgf@counta=\count278
\c@pgf@countb=\count279
\c@pgf@countc=\count280
\c@pgf@countd=\count281
\t@pgf@toka=\toks22
\t@pgf@tokb=\toks23
\t@pgf@tokc=\toks24
\pgf@sys@id@count=\count282

(c:/Users/t169/AppData/Roaming/TinyTeX/texmf-dist/tex/generic/pgf/systemlayer/p
gf.cfg
File: pgf.cfg 2021/05/15 v3.1.9a (3.1.9a)
)
Driver file for pgf: pgfsys-pdftex.def

(c:/Users/t169/AppData/Roaming/TinyTeX/texmf-dist/tex/generic/pgf/systemlayer/p
gfsys-pdftex.def
File: pgfsys-pdftex.def 2021/05/15 v3.1.9a (3.1.9a)

(c:/Users/t169/AppData/Roaming/TinyTeX/texmf-dist/tex/generic/pgf/systemlayer/p
gfsys-common-pdf.def
File: pgfsys-common-pdf.def 2021/05/15 v3.1.9a (3.1.9a)
)))
(c:/Users/t169/AppData/Roaming/TinyTeX/texmf-dist/tex/generic/pgf/systemlayer/p
gfsyssoftpath.code.tex
File: pgfsyssoftpath.code.tex 2021/05/15 v3.1.9a (3.1.9a)
\pgfsyssoftpath@smallbuffer@items=\count283
\pgfsyssoftpath@bigbuffer@items=\count284
)
(c:/Users/t169/AppData/Roaming/TinyTeX/texmf-dist/tex/generic/pgf/systemlayer/p
gfsysprotocol.code.tex
File: pgfsysprotocol.code.tex 2021/05/15 v3.1.9a (3.1.9a)
)) (c:/Users/t169/AppData/Roaming/TinyTeX/texmf-dist/tex/latex/xcolor/xcolor.st
y
Package: xcolor 2021/10/31 v2.13 LaTeX color extensions (UK)

(c:/Users/t169/AppData/Roaming/TinyTeX/texmf-dist/tex/latex/graphics-cfg/color.
cfg
File: color.cfg 2016/01/02 v1.6 sample color configuration
)
Package xcolor Info: Driver file: pdftex.def on input line 227.
Package xcolor Info: Model `cmy' substituted by `cmy0' on input line 1352.
Package xcolor Info: Model `hsb' substituted by `rgb' on input line 1356.
Package xcolor Info: Model `RGB' extended on input line 1368.
Package xcolor Info: Model `HTML' substituted by `rgb' on input line 1370.
Package xcolor Info: Model `Hsb' substituted by `hsb' on input line 1371.
Package xcolor Info: Model `tHsb' substituted by `hsb' on input line 1372.
Package xcolor Info: Model `HSB' substituted by `hsb' on input line 1373.
Package xcolor Info: Model `Gray' substituted by `gray' on input line 1374.
Package xcolor Info: Model `wave' substituted by `hsb' on input line 1375.
)
(c:/Users/t169/AppData/Roaming/TinyTeX/texmf-dist/tex/generic/pgf/basiclayer/pg
fcore.code.tex
Package: pgfcore 2021/05/15 v3.1.9a (3.1.9a)

(c:/Users/t169/AppData/Roaming/TinyTeX/texmf-dist/tex/generic/pgf/math/pgfmath.
code.tex
(c:/Users/t169/AppData/Roaming/TinyTeX/texmf-dist/tex/generic/pgf/math/pgfmathc
alc.code.tex
(c:/Users/t169/AppData/Roaming/TinyTeX/texmf-dist/tex/generic/pgf/math/pgfmathu
til.code.tex)
(c:/Users/t169/AppData/Roaming/TinyTeX/texmf-dist/tex/generic/pgf/math/pgfmathp
arser.code.tex
\pgfmath@dimen=\dimen176
\pgfmath@count=\count285
\pgfmath@box=\box60
\pgfmath@toks=\toks25
\pgfmath@stack@operand=\toks26
\pgfmath@stack@operation=\toks27
)
(c:/Users/t169/AppData/Roaming/TinyTeX/texmf-dist/tex/generic/pgf/math/pgfmathf
unctions.code.tex
(c:/Users/t169/AppData/Roaming/TinyTeX/texmf-dist/tex/generic/pgf/math/pgfmathf
unctions.basic.code.tex)
(c:/Users/t169/AppData/Roaming/TinyTeX/texmf-dist/tex/generic/pgf/math/pgfmathf
unctions.trigonometric.code.tex)
(c:/Users/t169/AppData/Roaming/TinyTeX/texmf-dist/tex/generic/pgf/math/pgfmathf
unctions.random.code.tex)
(c:/Users/t169/AppData/Roaming/TinyTeX/texmf-dist/tex/generic/pgf/math/pgfmathf
unctions.comparison.code.tex)
(c:/Users/t169/AppData/Roaming/TinyTeX/texmf-dist/tex/generic/pgf/math/pgfmathf
unctions.base.code.tex)
(c:/Users/t169/AppData/Roaming/TinyTeX/texmf-dist/tex/generic/pgf/math/pgfmathf
unctions.round.code.tex)
(c:/Users/t169/AppData/Roaming/TinyTeX/texmf-dist/tex/generic/pgf/math/pgfmathf
unctions.misc.code.tex)
(c:/Users/t169/AppData/Roaming/TinyTeX/texmf-dist/tex/generic/pgf/math/pgfmathf
unctions.integerarithmetics.code.tex)))
(c:/Users/t169/AppData/Roaming/TinyTeX/texmf-dist/tex/generic/pgf/math/pgfmathf
loat.code.tex
\c@pgfmathroundto@lastzeros=\count286
))
(c:/Users/t169/AppData/Roaming/TinyTeX/texmf-dist/tex/generic/pgf/math/pgfint.c
ode.tex)
(c:/Users/t169/AppData/Roaming/TinyTeX/texmf-dist/tex/generic/pgf/basiclayer/pg
fcorepoints.code.tex
File: pgfcorepoints.code.tex 2021/05/15 v3.1.9a (3.1.9a)
\pgf@picminx=\dimen177
\pgf@picmaxx=\dimen178
\pgf@picminy=\dimen179
\pgf@picmaxy=\dimen180
\pgf@pathminx=\dimen181
\pgf@pathmaxx=\dimen182
\pgf@pathminy=\dimen183
\pgf@pathmaxy=\dimen184
\pgf@xx=\dimen185
\pgf@xy=\dimen186
\pgf@yx=\dimen187
\pgf@yy=\dimen188
\pgf@zx=\dimen189
\pgf@zy=\dimen190
)
(c:/Users/t169/AppData/Roaming/TinyTeX/texmf-dist/tex/generic/pgf/basiclayer/pg
fcorepathconstruct.code.tex
File: pgfcorepathconstruct.code.tex 2021/05/15 v3.1.9a (3.1.9a)
\pgf@path@lastx=\dimen191
\pgf@path@lasty=\dimen192
)
(c:/Users/t169/AppData/Roaming/TinyTeX/texmf-dist/tex/generic/pgf/basiclayer/pg
fcorepathusage.code.tex
File: pgfcorepathusage.code.tex 2021/05/15 v3.1.9a (3.1.9a)
\pgf@shorten@end@additional=\dimen193
\pgf@shorten@start@additional=\dimen194
)
(c:/Users/t169/AppData/Roaming/TinyTeX/texmf-dist/tex/generic/pgf/basiclayer/pg
fcorescopes.code.tex
File: pgfcorescopes.code.tex 2021/05/15 v3.1.9a (3.1.9a)
\pgfpic=\box61
\pgf@hbox=\box62
\pgf@layerbox@main=\box63
\pgf@picture@serial@count=\count287
)
(c:/Users/t169/AppData/Roaming/TinyTeX/texmf-dist/tex/generic/pgf/basiclayer/pg
fcoregraphicstate.code.tex
File: pgfcoregraphicstate.code.tex 2021/05/15 v3.1.9a (3.1.9a)
\pgflinewidth=\dimen195
)
(c:/Users/t169/AppData/Roaming/TinyTeX/texmf-dist/tex/generic/pgf/basiclayer/pg
fcoretransformations.code.tex
File: pgfcoretransformations.code.tex 2021/05/15 v3.1.9a (3.1.9a)
\pgf@pt@x=\dimen196
\pgf@pt@y=\dimen197
\pgf@pt@temp=\dimen198
)
(c:/Users/t169/AppData/Roaming/TinyTeX/texmf-dist/tex/generic/pgf/basiclayer/pg
fcorequick.code.tex
File: pgfcorequick.code.tex 2021/05/15 v3.1.9a (3.1.9a)
)
(c:/Users/t169/AppData/Roaming/TinyTeX/texmf-dist/tex/generic/pgf/basiclayer/pg
fcoreobjects.code.tex
File: pgfcoreobjects.code.tex 2021/05/15 v3.1.9a (3.1.9a)
)
(c:/Users/t169/AppData/Roaming/TinyTeX/texmf-dist/tex/generic/pgf/basiclayer/pg
fcorepathprocessing.code.tex
File: pgfcorepathprocessing.code.tex 2021/05/15 v3.1.9a (3.1.9a)
)
(c:/Users/t169/AppData/Roaming/TinyTeX/texmf-dist/tex/generic/pgf/basiclayer/pg
fcorearrows.code.tex
File: pgfcorearrows.code.tex 2021/05/15 v3.1.9a (3.1.9a)
\pgfarrowsep=\dimen199
)
(c:/Users/t169/AppData/Roaming/TinyTeX/texmf-dist/tex/generic/pgf/basiclayer/pg
fcoreshade.code.tex
File: pgfcoreshade.code.tex 2021/05/15 v3.1.9a (3.1.9a)
\pgf@max=\dimen256
\pgf@sys@shading@range@num=\count288
\pgf@shadingcount=\count289
)
(c:/Users/t169/AppData/Roaming/TinyTeX/texmf-dist/tex/generic/pgf/basiclayer/pg
fcoreimage.code.tex
File: pgfcoreimage.code.tex 2021/05/15 v3.1.9a (3.1.9a)

(c:/Users/t169/AppData/Roaming/TinyTeX/texmf-dist/tex/generic/pgf/basiclayer/pg
fcoreexternal.code.tex
File: pgfcoreexternal.code.tex 2021/05/15 v3.1.9a (3.1.9a)
\pgfexternal@startupbox=\box64
))
(c:/Users/t169/AppData/Roaming/TinyTeX/texmf-dist/tex/generic/pgf/basiclayer/pg
fcorelayers.code.tex
File: pgfcorelayers.code.tex 2021/05/15 v3.1.9a (3.1.9a)
)
(c:/Users/t169/AppData/Roaming/TinyTeX/texmf-dist/tex/generic/pgf/basiclayer/pg
fcoretransparency.code.tex
File: pgfcoretransparency.code.tex 2021/05/15 v3.1.9a (3.1.9a)
)
(c:/Users/t169/AppData/Roaming/TinyTeX/texmf-dist/tex/generic/pgf/basiclayer/pg
fcorepatterns.code.tex
File: pgfcorepatterns.code.tex 2021/05/15 v3.1.9a (3.1.9a)
)
(c:/Users/t169/AppData/Roaming/TinyTeX/texmf-dist/tex/generic/pgf/basiclayer/pg
fcorerdf.code.tex
File: pgfcorerdf.code.tex 2021/05/15 v3.1.9a (3.1.9a)
)))
(c:/Users/t169/AppData/Roaming/TinyTeX/texmf-dist/tex/latex/pgf/utilities/xxcol
or.sty
Package: xxcolor 2003/10/24 ver 0.1
\XC@nummixins=\count290
\XC@countmixins=\count291
)
(c:/Users/t169/AppData/Roaming/TinyTeX/texmf-dist/tex/latex/base/atbegshi-ltx.s
ty
Package: atbegshi-ltx 2021/01/10 v1.0c Emulation of the original atbegshi
package with kernel methods
)
(c:/Users/t169/AppData/Roaming/TinyTeX/texmf-dist/tex/latex/hyperref/hyperref.s
ty
Package: hyperref 2021-06-07 v7.00m Hypertext links for LaTeX

(c:/Users/t169/AppData/Roaming/TinyTeX/texmf-dist/tex/generic/ltxcmds/ltxcmds.s
ty
Package: ltxcmds 2020-05-10 v1.25 LaTeX kernel commands for general use (HO)
)
(c:/Users/t169/AppData/Roaming/TinyTeX/texmf-dist/tex/generic/pdftexcmds/pdftex
cmds.sty
Package: pdftexcmds 2020-06-27 v0.33 Utility functions of pdfTeX for LuaTeX (HO
)

(c:/Users/t169/AppData/Roaming/TinyTeX/texmf-dist/tex/generic/infwarerr/infware
rr.sty
Package: infwarerr 2019/12/03 v1.5 Providing info/warning/error messages (HO)
)
Package pdftexcmds Info: \pdf@primitive is available.
Package pdftexcmds Info: \pdf@ifprimitive is available.
Package pdftexcmds Info: \pdfdraftmode found.
)
(c:/Users/t169/AppData/Roaming/TinyTeX/texmf-dist/tex/generic/kvsetkeys/kvsetke
ys.sty
Package: kvsetkeys 2019/12/15 v1.18 Key value parser (HO)
)
(c:/Users/t169/AppData/Roaming/TinyTeX/texmf-dist/tex/generic/kvdefinekeys/kvde
finekeys.sty
Package: kvdefinekeys 2019-12-19 v1.6 Define keys (HO)
)
(c:/Users/t169/AppData/Roaming/TinyTeX/texmf-dist/tex/generic/pdfescape/pdfesca
pe.sty
Package: pdfescape 2019/12/09 v1.15 Implements pdfTeX's escape features (HO)
)
(c:/Users/t169/AppData/Roaming/TinyTeX/texmf-dist/tex/latex/hycolor/hycolor.sty
Package: hycolor 2020-01-27 v1.10 Color options for hyperref/bookmark (HO)
)
(c:/Users/t169/AppData/Roaming/TinyTeX/texmf-dist/tex/latex/letltxmacro/letltxm
acro.sty
Package: letltxmacro 2019/12/03 v1.6 Let assignment for LaTeX macros (HO)
)
(c:/Users/t169/AppData/Roaming/TinyTeX/texmf-dist/tex/latex/auxhook/auxhook.sty
Package: auxhook 2019-12-17 v1.6 Hooks for auxiliary files (HO)
)
(c:/Users/t169/AppData/Roaming/TinyTeX/texmf-dist/tex/latex/kvoptions/kvoptions
.sty
Package: kvoptions 2020-10-07 v3.14 Key value format for package options (HO)
)
\@linkdim=\dimen257
\Hy@linkcounter=\count292
\Hy@pagecounter=\count293

(c:/Users/t169/AppData/Roaming/TinyTeX/texmf-dist/tex/latex/hyperref/pd1enc.def
File: pd1enc.def 2021-06-07 v7.00m Hyperref: PDFDocEncoding definition (HO)
Now handling font encoding PD1 ...
... no UTF-8 mapping file for font encoding PD1
)
(c:/Users/t169/AppData/Roaming/TinyTeX/texmf-dist/tex/latex/hyperref/hyperref-l
angpatches.def
File: hyperref-langpatches.def 2021-06-07 v7.00m Hyperref: patches for babel la
nguages
)
(c:/Users/t169/AppData/Roaming/TinyTeX/texmf-dist/tex/generic/intcalc/intcalc.s
ty
Package: intcalc 2019/12/15 v1.3 Expandable calculations with integers (HO)
)
(c:/Users/t169/AppData/Roaming/TinyTeX/texmf-dist/tex/generic/etexcmds/etexcmds
.sty
Package: etexcmds 2019/12/15 v1.7 Avoid name clashes with e-TeX commands (HO)
)
\Hy@SavedSpaceFactor=\count294
(c:/Users/t169/AppData/Roaming/TinyTeX/texmf-dist/tex/latex/hyperref/puenc.def
File: puenc.def 2021-06-07 v7.00m Hyperref: PDF Unicode definition (HO)
Now handling font encoding PU ...
... no UTF-8 mapping file for font encoding PU
)
Package hyperref Info: Option `unicode' set `true' on input line 4073.
Package hyperref Info: Option `bookmarks' set `true' on input line 4073.
Package hyperref Info: Option `bookmarksopen' set `true' on input line 4073.
Package hyperref Info: Option `implicit' set `false' on input line 4073.
Package hyperref Info: Hyper figures OFF on input line 4192.
Package hyperref Info: Link nesting OFF on input line 4197.
Package hyperref Info: Hyper index ON on input line 4200.
Package hyperref Info: Plain pages OFF on input line 4207.
Package hyperref Info: Backreferencing OFF on input line 4212.
Package hyperref Info: Implicit mode OFF; no redefinition of LaTeX internals.
Package hyperref Info: Bookmarks ON on input line 4445.
\c@Hy@tempcnt=\count295
(c:/Users/t169/AppData/Roaming/TinyTeX/texmf-dist/tex/latex/url/url.sty
\Urlmuskip=\muskip16
Package: url 2013/09/16  ver 3.4  Verb mode for urls, etc.
)
LaTeX Info: Redefining \url on input line 4804.
\XeTeXLinkMargin=\dimen258

(c:/Users/t169/AppData/Roaming/TinyTeX/texmf-dist/tex/generic/bitset/bitset.sty
Package: bitset 2019/12/09 v1.3 Handle bit-vector datatype (HO)

(c:/Users/t169/AppData/Roaming/TinyTeX/texmf-dist/tex/generic/bigintcalc/bigint
calc.sty
Package: bigintcalc 2019/12/15 v1.5 Expandable calculations on big integers (HO
)
))
\Fld@menulength=\count296
\Field@Width=\dimen259
\Fld@charsize=\dimen260
Package hyperref Info: Hyper figures OFF on input line 6076.
Package hyperref Info: Link nesting OFF on input line 6081.
Package hyperref Info: Hyper index ON on input line 6084.
Package hyperref Info: backreferencing OFF on input line 6091.
Package hyperref Info: Link coloring OFF on input line 6096.
Package hyperref Info: Link coloring with OCG OFF on input line 6101.
Package hyperref Info: PDF/A mode OFF on input line 6106.
LaTeX Info: Redefining \ref on input line 6146.
LaTeX Info: Redefining \pageref on input line 6150.
\Hy@abspage=\count297

Package hyperref Message: Stopped early.

)
Package hyperref Info: Driver (autodetected): hpdftex.

(c:/Users/t169/AppData/Roaming/TinyTeX/texmf-dist/tex/latex/hyperref/hpdftex.de
f
File: hpdftex.def 2021-06-07 v7.00m Hyperref driver for pdfTeX

(c:/Users/t169/AppData/Roaming/TinyTeX/texmf-dist/tex/latex/base/atveryend-ltx.
sty
Package: atveryend-ltx 2020/08/19 v1.0a Emulation of the original atveryend pac
kage
with kernel methods
)
\Fld@listcount=\count298
\c@bookmark@seq@number=\count299

(c:/Users/t169/AppData/Roaming/TinyTeX/texmf-dist/tex/latex/rerunfilecheck/reru
nfilecheck.sty
Package: rerunfilecheck 2019/12/05 v1.9 Rerun checks for auxiliary files (HO)

(c:/Users/t169/AppData/Roaming/TinyTeX/texmf-dist/tex/generic/uniquecounter/uni
quecounter.sty
Package: uniquecounter 2019/12/15 v1.4 Provide unlimited unique counter (HO)
)
Package uniquecounter Info: New unique counter `rerunfilecheck' on input line 2
86.
))
(c:/Users/t169/AppData/Roaming/TinyTeX/texmf-dist/tex/latex/beamer/beamerbasere
quires.sty
(c:/Users/t169/AppData/Roaming/TinyTeX/texmf-dist/tex/latex/beamer/beamerbaseco
mpatibility.sty)
(c:/Users/t169/AppData/Roaming/TinyTeX/texmf-dist/tex/latex/beamer/beamerbasefo
nt.sty
(c:/Users/t169/AppData/Roaming/TinyTeX/texmf-dist/tex/latex/amsfonts/amssymb.st
y
Package: amssymb 2013/01/14 v3.01 AMS font symbols

(c:/Users/t169/AppData/Roaming/TinyTeX/texmf-dist/tex/latex/amsfonts/amsfonts.s
ty
Package: amsfonts 2013/01/14 v3.01 Basic AMSFonts support
\@emptytoks=\toks28
\symAMSa=\mathgroup4
\symAMSb=\mathgroup5
LaTeX Font Info:    Redeclaring math symbol \hbar on input line 98.
LaTeX Font Info:    Overwriting math alphabet `\mathfrak' in version `bold'
(Font)                  U/euf/m/n --> U/euf/b/n on input line 106.
)))
(c:/Users/t169/AppData/Roaming/TinyTeX/texmf-dist/tex/latex/beamer/beamerbasetr
anslator.sty
(c:/Users/t169/AppData/Roaming/TinyTeX/texmf-dist/tex/latex/translator/translat
or.sty
Package: translator 2021-05-31 v1.12d Easy translation of strings in LaTeX
))
(c:/Users/t169/AppData/Roaming/TinyTeX/texmf-dist/tex/latex/beamer/beamerbasemi
sc.sty)
(c:/Users/t169/AppData/Roaming/TinyTeX/texmf-dist/tex/latex/beamer/beamerbasetw
oscreens.sty)
(c:/Users/t169/AppData/Roaming/TinyTeX/texmf-dist/tex/latex/beamer/beamerbaseov
erlay.sty
\beamer@argscount=\count300
\beamer@lastskipcover=\skip50
\beamer@trivlistdepth=\count301
)
(c:/Users/t169/AppData/Roaming/TinyTeX/texmf-dist/tex/latex/beamer/beamerbaseti
tle.sty)
(c:/Users/t169/AppData/Roaming/TinyTeX/texmf-dist/tex/latex/beamer/beamerbasese
ction.sty
\c@lecture=\count302
\c@part=\count303
\c@section=\count304
\c@subsection=\count305
\c@subsubsection=\count306
)
(c:/Users/t169/AppData/Roaming/TinyTeX/texmf-dist/tex/latex/beamer/beamerbasefr
ame.sty
\beamer@framebox=\box65
\beamer@frametitlebox=\box66
\beamer@zoombox=\box67
\beamer@zoomcount=\count307
\beamer@zoomframecount=\count308
\beamer@frametextheight=\dimen261
\c@subsectionslide=\count309
\beamer@frametopskip=\skip51
\beamer@framebottomskip=\skip52
\beamer@frametopskipautobreak=\skip53
\beamer@framebottomskipautobreak=\skip54
\beamer@envbody=\toks29
\framewidth=\dimen262
\c@framenumber=\count310
)
(c:/Users/t169/AppData/Roaming/TinyTeX/texmf-dist/tex/latex/beamer/beamerbaseve
rbatim.sty
\beamer@verbatimfileout=\write4
)
(c:/Users/t169/AppData/Roaming/TinyTeX/texmf-dist/tex/latex/beamer/beamerbasefr
amesize.sty
\beamer@splitbox=\box68
\beamer@autobreakcount=\count311
\beamer@autobreaklastheight=\dimen263
\beamer@frametitletoks=\toks30
\beamer@framesubtitletoks=\toks31
)
(c:/Users/t169/AppData/Roaming/TinyTeX/texmf-dist/tex/latex/beamer/beamerbasefr
amecomponents.sty
\beamer@footins=\box69
)
(c:/Users/t169/AppData/Roaming/TinyTeX/texmf-dist/tex/latex/beamer/beamerbaseco
lor.sty)
(c:/Users/t169/AppData/Roaming/TinyTeX/texmf-dist/tex/latex/beamer/beamerbaseno
tes.sty
\beamer@frameboxcopy=\box70
)
(c:/Users/t169/AppData/Roaming/TinyTeX/texmf-dist/tex/latex/beamer/beamerbaseto
c.sty)
(c:/Users/t169/AppData/Roaming/TinyTeX/texmf-dist/tex/latex/beamer/beamerbasete
mplates.sty
\beamer@sbttoks=\toks32

(c:/Users/t169/AppData/Roaming/TinyTeX/texmf-dist/tex/latex/beamer/beamerbaseau
xtemplates.sty
(c:/Users/t169/AppData/Roaming/TinyTeX/texmf-dist/tex/latex/beamer/beamerbasebo
xes.sty
\bmb@box=\box71
\bmb@colorbox=\box72
\bmb@boxwidth=\dimen264
\bmb@boxheight=\dimen265
\bmb@prevheight=\dimen266
\bmb@temp=\dimen267
\bmb@dima=\dimen268
\bmb@dimb=\dimen269
\bmb@prevheight=\dimen270
)
\beamer@blockheadheight=\dimen271
))
(c:/Users/t169/AppData/Roaming/TinyTeX/texmf-dist/tex/latex/beamer/beamerbaselo
calstructure.sty
(c:/Users/t169/AppData/Roaming/TinyTeX/texmf-dist/tex/latex/tools/enumerate.sty
Package: enumerate 2015/07/23 v3.00 enumerate extensions (DPC)
\@enLab=\toks33
)
\beamer@bibiconwidth=\skip55
\c@figure=\count312
\c@table=\count313
\abovecaptionskip=\skip56
\belowcaptionskip=\skip57
)
(c:/Users/t169/AppData/Roaming/TinyTeX/texmf-dist/tex/latex/beamer/beamerbasena
vigation.sty
\beamer@section@min@dim=\dimen272
)
(c:/Users/t169/AppData/Roaming/TinyTeX/texmf-dist/tex/latex/beamer/beamerbaseth
eorems.sty
(c:/Users/t169/AppData/Roaming/TinyTeX/texmf-dist/tex/latex/amsmath/amsmath.sty
Package: amsmath 2021/10/15 v2.17l AMS math features
\@mathmargin=\skip58
For additional information on amsmath, use the `?' option.

(c:/Users/t169/AppData/Roaming/TinyTeX/texmf-dist/tex/latex/amsmath/amstext.sty
Package: amstext 2021/08/26 v2.01 AMS text
(c:/Users/t169/AppData/Roaming/TinyTeX/texmf-dist/tex/latex/amsmath/amsgen.sty
File: amsgen.sty 1999/11/30 v2.0 generic functions
\@emptytoks=\toks34
\ex@=\dimen273
)) (c:/Users/t169/AppData/Roaming/TinyTeX/texmf-dist/tex/latex/amsmath/amsbsy.s
ty
Package: amsbsy 1999/11/29 v1.2d Bold Symbols
\pmbraise@=\dimen274
) (c:/Users/t169/AppData/Roaming/TinyTeX/texmf-dist/tex/latex/amsmath/amsopn.st
y
Package: amsopn 2021/08/26 v2.02 operator names
)
\inf@bad=\count314
LaTeX Info: Redefining \frac on input line 234.
\uproot@=\count315
\leftroot@=\count316
LaTeX Info: Redefining \overline on input line 399.
\classnum@=\count317
\DOTSCASE@=\count318
LaTeX Info: Redefining \ldots on input line 496.
LaTeX Info: Redefining \dots on input line 499.
LaTeX Info: Redefining \cdots on input line 620.
\Mathstrutbox@=\box73
\strutbox@=\box74
\big@size=\dimen275
LaTeX Font Info:    Redeclaring font encoding OML on input line 743.
LaTeX Font Info:    Redeclaring font encoding OMS on input line 744.
\macc@depth=\count319
\c@MaxMatrixCols=\count320
\dotsspace@=\muskip17
\c@parentequation=\count321
\dspbrk@lvl=\count322
\tag@help=\toks35
\row@=\count323
\column@=\count324
\maxfields@=\count325
\andhelp@=\toks36
\eqnshift@=\dimen276
\alignsep@=\dimen277
\tagshift@=\dimen278
\tagwidth@=\dimen279
\totwidth@=\dimen280
\lineht@=\dimen281
\@envbody=\toks37
\multlinegap=\skip59
\multlinetaggap=\skip60
\mathdisplay@stack=\toks38
LaTeX Info: Redefining \[ on input line 2938.
LaTeX Info: Redefining \] on input line 2939.
) (c:/Users/t169/AppData/Roaming/TinyTeX/texmf-dist/tex/latex/amscls/amsthm.sty
Package: amsthm 2020/05/29 v2.20.6
\thm@style=\toks39
\thm@bodyfont=\toks40
\thm@headfont=\toks41
\thm@notefont=\toks42
\thm@headpunct=\toks43
\thm@preskip=\skip61
\thm@postskip=\skip62
\thm@headsep=\skip63
\dth@everypar=\toks44
)
\c@theorem=\count326
)
(c:/Users/t169/AppData/Roaming/TinyTeX/texmf-dist/tex/latex/beamer/beamerbaseth
emes.sty))
(c:/Users/t169/AppData/Roaming/TinyTeX/texmf-dist/tex/latex/beamer/beamerthemed
efault.sty
(c:/Users/t169/AppData/Roaming/TinyTeX/texmf-dist/tex/latex/beamer/beamerfontth
emedefault.sty)
(c:/Users/t169/AppData/Roaming/TinyTeX/texmf-dist/tex/latex/beamer/beamercolort
hemedefault.sty)
(c:/Users/t169/AppData/Roaming/TinyTeX/texmf-dist/tex/latex/beamer/beamerinnert
hemedefault.sty
\beamer@dima=\dimen282
\beamer@dimb=\dimen283
)
(c:/Users/t169/AppData/Roaming/TinyTeX/texmf-dist/tex/latex/beamer/beameroutert
hemedefault.sty)))
(c:/Users/t169/AppData/Roaming/TinyTeX/texmf-dist/tex/latex/pgf/utilities/pgfpa
ges.sty
Package: pgfpages 2011/01/05 ver 0.02
(c:/Users/t169/AppData/Roaming/TinyTeX/texmf-dist/tex/latex/tools/calc.sty
Package: calc 2017/05/25 v4.3 Infix arithmetic (KKT,FJ)
\calc@Acount=\count327
\calc@Bcount=\count328
\calc@Adimen=\dimen284
\calc@Bdimen=\dimen285
\calc@Askip=\skip64
\calc@Bskip=\skip65
LaTeX Info: Redefining \setlength on input line 80.
LaTeX Info: Redefining \addtolength on input line 81.
\calc@Ccount=\count329
\calc@Cskip=\skip66
)
\pgf@logicalpages=\count330
\pgf@firstshipout=\count331
\pgf@lastshipout=\count332
\pgf@currentshipout=\count333
\pgf@cpn=\count334
\pgf@shipoutnextto=\count335
\pgfphysicalheight=\dimen286
\pgfphysicalwidth=\dimen287
\pgfpages@shipoutbox=\box75
) (c:/Users/t169/AppData/Roaming/TinyTeX/texmf-dist/tex/latex/lm/lmodern.sty
Package: lmodern 2015/05/01 v1.6.1 Latin Modern Fonts
LaTeX Font Info:    Overwriting symbol font `operators' in version `normal'
(Font)                  OT1/cmr/m/n --> OT1/lmr/m/n on input line 22.
LaTeX Font Info:    Overwriting symbol font `letters' in version `normal'
(Font)                  OML/cmm/m/it --> OML/lmm/m/it on input line 23.
LaTeX Font Info:    Overwriting symbol font `symbols' in version `normal'
(Font)                  OMS/cmsy/m/n --> OMS/lmsy/m/n on input line 24.
LaTeX Font Info:    Overwriting symbol font `largesymbols' in version `normal'
(Font)                  OMX/cmex/m/n --> OMX/lmex/m/n on input line 25.
LaTeX Font Info:    Overwriting symbol font `operators' in version `bold'
(Font)                  OT1/cmr/bx/n --> OT1/lmr/bx/n on input line 26.
LaTeX Font Info:    Overwriting symbol font `letters' in version `bold'
(Font)                  OML/cmm/b/it --> OML/lmm/b/it on input line 27.
LaTeX Font Info:    Overwriting symbol font `symbols' in version `bold'
(Font)                  OMS/cmsy/b/n --> OMS/lmsy/b/n on input line 28.
LaTeX Font Info:    Overwriting symbol font `largesymbols' in version `bold'
(Font)                  OMX/cmex/m/n --> OMX/lmex/m/n on input line 29.
LaTeX Font Info:    Overwriting math alphabet `\mathbf' in version `normal'
(Font)                  OT1/cmr/bx/n --> OT1/lmr/bx/n on input line 31.
LaTeX Font Info:    Overwriting math alphabet `\mathsf' in version `normal'
(Font)                  OT1/cmss/m/n --> OT1/lmss/m/n on input line 32.
LaTeX Font Info:    Overwriting math alphabet `\mathit' in version `normal'
(Font)                  OT1/cmr/m/it --> OT1/lmr/m/it on input line 33.
LaTeX Font Info:    Overwriting math alphabet `\mathtt' in version `normal'
(Font)                  OT1/cmtt/m/n --> OT1/lmtt/m/n on input line 34.
LaTeX Font Info:    Overwriting math alphabet `\mathbf' in version `bold'
(Font)                  OT1/cmr/bx/n --> OT1/lmr/bx/n on input line 35.
LaTeX Font Info:    Overwriting math alphabet `\mathsf' in version `bold'
(Font)                  OT1/cmss/bx/n --> OT1/lmss/bx/n on input line 36.
LaTeX Font Info:    Overwriting math alphabet `\mathit' in version `bold'
(Font)                  OT1/cmr/bx/it --> OT1/lmr/bx/it on input line 37.
LaTeX Font Info:    Overwriting math alphabet `\mathtt' in version `bold'
(Font)                  OT1/cmtt/m/n --> OT1/lmtt/m/n on input line 38.
) (c:/Users/t169/AppData/Roaming/TinyTeX/texmf-dist/tex/latex/base/fontenc.sty
Package: fontenc 2021/04/29 v2.0v Standard LaTeX package
LaTeX Font Info:    Trying to load font information for T1+lmss on input line 1
12.
(c:/Users/t169/AppData/Roaming/TinyTeX/texmf-dist/tex/latex/lm/t1lmss.fd
File: t1lmss.fd 2015/05/01 v1.6.1 Font defs for Latin Modern
)) (c:/Users/t169/AppData/Roaming/TinyTeX/texmf-dist/tex/latex/base/inputenc.st
y
Package: inputenc 2021/02/14 v1.3d Input encoding file
\inpenc@prehook=\toks45
\inpenc@posthook=\toks46
) (c:/Users/t169/AppData/Roaming/TinyTeX/texmf-dist/tex/latex/base/textcomp.sty
Package: textcomp 2020/02/02 v2.0n Standard LaTeX package
)
(c:/Users/t169/AppData/Roaming/TinyTeX/texmf-dist/tex/latex/beamer/beamerthemeR
ochester.sty
(c:/Users/t169/AppData/Roaming/TinyTeX/texmf-dist/tex/latex/beamer/beameroutert
hemesidebar.sty
\beamer@sidebarwidth=\dimen288
\beamer@headheight=\dimen289
)
(c:/Users/t169/AppData/Roaming/TinyTeX/texmf-dist/tex/latex/beamer/beamerinnert
hemerectangles.sty)
(c:/Users/t169/AppData/Roaming/TinyTeX/texmf-dist/tex/latex/beamer/beamercolort
hemewhale.sty)
(c:/Users/t169/AppData/Roaming/TinyTeX/texmf-dist/tex/latex/beamer/beamercolort
hemeorchid.sty))
(c:/Users/t169/AppData/Roaming/TinyTeX/texmf-dist/tex/latex/upquote/upquote.sty
Package: upquote 2012/04/19 v1.3 upright-quote and grave-accent glyphs in verba
tim
)
(c:/Users/t169/AppData/Roaming/TinyTeX/texmf-dist/tex/latex/microtype/microtype
.sty
Package: microtype 2021/12/10 v3.0b Micro-typographical refinements (RS)
\MT@toks=\toks47
\MT@count=\count336
\MT@tempbox=\box76
LaTeX Info: Redefining \leftprotrusion on input line 1010.
LaTeX Info: Redefining \rightprotrusion on input line 1018.
LaTeX Info: Redefining \textls on input line 1173.
\MT@outer@kern=\dimen290
LaTeX Info: Redefining \textmicrotypecontext on input line 1759.
\MT@listname@count=\count337

(c:/Users/t169/AppData/Roaming/TinyTeX/texmf-dist/tex/latex/microtype/microtype
-pdftex.def
File: microtype-pdftex.def 2021/12/10 v3.0b Definitions specific to pdftex (RS)

LaTeX Info: Redefining \lsstyle on input line 897.
LaTeX Info: Redefining \lslig on input line 897.
\MT@outer@space=\skip67
)
Package microtype Info: Loading configuration file microtype.cfg.

(c:/Users/t169/AppData/Roaming/TinyTeX/texmf-dist/tex/latex/microtype/microtype
.cfg
File: microtype.cfg 2021/12/10 v3.0b microtype main configuration file (RS)
))
(c:/Users/t169/AppData/Roaming/TinyTeX/texmf-dist/tex/latex/parskip/parskip.sty
Package: parskip 2021-03-14 v2.0h non-zero parskip adjustments
)
(c:/Users/t169/AppData/Roaming/TinyTeX/texmf-dist/tex/latex/fancyvrb/fancyvrb.s
ty
Package: fancyvrb 2021/11/24\nobreakspace {} 4.1a\nobreakspace {}verbatim text 
(tvz,hv)
\FV@CodeLineNo=\count338
\FV@InFile=\read3
\FV@TabBox=\box77
\c@FancyVerbLine=\count339
\FV@StepNumber=\count340
\FV@OutFile=\write5
) (c:/Users/t169/AppData/Roaming/TinyTeX/texmf-dist/tex/latex/framed/framed.sty
Package: framed 2011/10/22 v 0.96: framed or shaded text with page breaks
\OuterFrameSep=\skip68
\fb@frw=\dimen291
\fb@frh=\dimen292
\FrameRule=\dimen293
\FrameSep=\dimen294
) (c:/Users/t169/AppData/Roaming/TinyTeX/texmf-dist/tex/latex/tools/array.sty
Package: array 2021/10/04 v2.5f Tabular extension package (FMi)
\col@sep=\dimen295
\ar@mcellbox=\box78
\extrarowheight=\dimen296
\NC@list=\toks48
\extratabsurround=\skip69
\backup@length=\skip70
\ar@cellbox=\box79
)
(c:/Users/t169/AppData/Roaming/TinyTeX/texmf-dist/tex/latex/booktabs/booktabs.s
ty
Package: booktabs 2020/01/12 v1.61803398 Publication quality tables
\heavyrulewidth=\dimen297
\lightrulewidth=\dimen298
\cmidrulewidth=\dimen299
\belowrulesep=\dimen300
\belowbottomsep=\dimen301
\aboverulesep=\dimen302
\abovetopsep=\dimen303
\cmidrulesep=\dimen304
\cmidrulekern=\dimen305
\defaultaddspace=\dimen306
\@cmidla=\count341
\@cmidlb=\count342
\@aboverulesep=\dimen307
\@belowrulesep=\dimen308
\@thisruleclass=\count343
\@lastruleclass=\count344
\@thisrulewidth=\dimen309
)
(c:/Users/t169/AppData/Roaming/TinyTeX/texmf-dist/tex/latex/algorithm2e/algorit
hm2e.sty
Package: algorithm2e 2017/07/18 v5.2 algorithms environments
\c@AlgoLine=\count345
(c:/Users/t169/AppData/Roaming/TinyTeX/texmf-dist/tex/latex/base/ifthen.sty
Package: ifthen 2020/11/24 v1.1c Standard LaTeX ifthen package (DPC)
)
\algocf@hangindent=\skip71

(c:/Users/t169/AppData/Roaming/TinyTeX/texmf-dist/tex/latex/ifoddpage/ifoddpage
.sty
Package: ifoddpage 2016/04/23 v1.1 Conditionals for odd/even page detection
\c@checkoddpage=\count346
) (c:/Users/t169/AppData/Roaming/TinyTeX/texmf-dist/tex/latex/tools/xspace.sty
Package: xspace 2014/10/28 v1.13 Space after command names (DPC,MH)
)
(c:/Users/t169/AppData/Roaming/TinyTeX/texmf-dist/tex/latex/relsize/relsize.sty
Package: relsize 2013/03/29 ver 4.1
)
\skiptotal=\skip72
\skiplinenumber=\skip73
\skiprule=\skip74
\skiphlne=\skip75
\skiptext=\skip76
\skiplength=\skip77
\algomargin=\skip78
\skipalgocfslide=\skip79
\algowidth=\dimen310
\inoutsize=\dimen311
\inoutindent=\dimen312
\interspacetitleruled=\dimen313
\interspacealgoruled=\dimen314
\interspacetitleboxruled=\dimen315
\algocf@ruledwidth=\skip80
\algocf@inoutbox=\box80
\algocf@inputbox=\box81
\AlCapSkip=\skip81
\AlCapHSkip=\skip82
\algoskipindent=\skip83
\algocf@nlbox=\box82
\algocf@hangingbox=\box83
\algocf@untilbox=\box84
\algocf@skipuntil=\skip84
\algocf@capbox=\box85
\algocf@lcaptionbox=\skip85
\algoheightruledefault=\skip86
\algoheightrule=\skip87
\algotitleheightruledefault=\skip88
\algotitleheightrule=\skip89
\c@algocfline=\count347
\c@algocfproc=\count348
\c@algocf=\count349
\algocf@algoframe=\box86
\algocf@algobox=\box87
)
(c:/Users/t169/AppData/Roaming/TinyTeX/texmf-dist/tex/latex/l3backend/l3backend
-pdftex.def
File: l3backend-pdftex.def 2021-10-18 L3 backend support: PDF output (pdfTeX)
\l__color_backend_stack_int=\count350
\l__pdf_internal_box=\box88
) (./AnalisisComponentesPrincipales_fusion.aux)
\openout1 = `AnalisisComponentesPrincipales_fusion.aux'.

LaTeX Font Info:    Checking defaults for OML/cmm/m/it on input line 157.
LaTeX Font Info:    ... okay on input line 157.
LaTeX Font Info:    Checking defaults for OMS/cmsy/m/n on input line 157.
LaTeX Font Info:    ... okay on input line 157.
LaTeX Font Info:    Checking defaults for OT1/cmr/m/n on input line 157.
LaTeX Font Info:    ... okay on input line 157.
LaTeX Font Info:    Checking defaults for T1/cmr/m/n on input line 157.
LaTeX Font Info:    ... okay on input line 157.
LaTeX Font Info:    Checking defaults for TS1/cmr/m/n on input line 157.
LaTeX Font Info:    ... okay on input line 157.
LaTeX Font Info:    Checking defaults for OMX/cmex/m/n on input line 157.
LaTeX Font Info:    ... okay on input line 157.
LaTeX Font Info:    Checking defaults for U/cmr/m/n on input line 157.
LaTeX Font Info:    ... okay on input line 157.
LaTeX Font Info:    Checking defaults for PD1/pdf/m/n on input line 157.
LaTeX Font Info:    ... okay on input line 157.
LaTeX Font Info:    Checking defaults for PU/pdf/m/n on input line 157.
LaTeX Font Info:    ... okay on input line 157.
*geometry* driver: auto-detecting
*geometry* detected driver: pdftex
*geometry* verbose mode - [ preamble ] result:
* driver: pdftex
* paper: custom
* layout: <same size as paper>
* layoutoffset:(h,v)=(0.0pt,0.0pt)
* modes: includehead includefoot 
* h-part:(L,W,R)=(28.45274pt, 307.28987pt, 28.45274pt)
* v-part:(T,H,B)=(0.0pt, 273.14662pt, 0.0pt)
* \paperwidth=364.19536pt
* \paperheight=273.14662pt
* \textwidth=307.28987pt
* \textheight=244.6939pt
* \oddsidemargin=-43.81725pt
* \evensidemargin=-43.81725pt
* \topmargin=-72.26999pt
* \headheight=14.22636pt
* \headsep=0.0pt
* \topskip=11.0pt
* \footskip=14.22636pt
* \marginparwidth=4.0pt
* \marginparsep=10.0pt
* \columnsep=10.0pt
* \skip\footins=10.0pt plus 4.0pt minus 2.0pt
* \hoffset=0.0pt
* \voffset=0.0pt
* \mag=1000
* \@twocolumnfalse
* \@twosidefalse
* \@mparswitchfalse
* \@reversemarginfalse
* (1in=72.27pt=25.4mm, 1cm=28.453pt)


(c:/Users/t169/AppData/Roaming/TinyTeX/texmf-dist/tex/latex/epstopdf-pkg/epstop
df-base.sty
Package: epstopdf-base 2020-01-24 v2.11 Base part for package epstopdf
Package epstopdf-base Info: Redefining graphics rule for `.eps' on input line 4
85.

(c:/Users/t169/AppData/Roaming/TinyTeX/texmf-dist/tex/latex/latexconfig/epstopd
f-sys.cfg
File: epstopdf-sys.cfg 2010/07/13 v1.3 Configuration of (r)epstopdf for TeX Liv
e
))
Package hyperref Info: Link coloring OFF on input line 157.

(c:/Users/t169/AppData/Roaming/TinyTeX/texmf-dist/tex/latex/hyperref/nameref.st
y
Package: nameref 2021-04-02 v2.47 Cross-referencing by name of section

(c:/Users/t169/AppData/Roaming/TinyTeX/texmf-dist/tex/latex/refcount/refcount.s
ty
Package: refcount 2019/12/15 v3.6 Data extraction from label references (HO)
)
(c:/Users/t169/AppData/Roaming/TinyTeX/texmf-dist/tex/generic/gettitlestring/ge
ttitlestring.sty
Package: gettitlestring 2019/12/15 v1.6 Cleanup title references (HO)
)
\c@section@level=\count351
)
LaTeX Info: Redefining \ref on input line 157.
LaTeX Info: Redefining \pageref on input line 157.
LaTeX Info: Redefining \nameref on input line 157.
(./AnalisisComponentesPrincipales_fusion.out) (./AnalisisComponentesPrincipales
_fusion.out)
\@outlinefile=\write6
\openout6 = `AnalisisComponentesPrincipales_fusion.out'.

LaTeX Font Info:    Overwriting symbol font `operators' in version `normal'
(Font)                  OT1/lmr/m/n --> OT1/cmss/m/n on input line 157.
LaTeX Font Info:    Overwriting symbol font `operators' in version `bold'
(Font)                  OT1/lmr/bx/n --> OT1/cmss/b/n on input line 157.
LaTeX Font Info:    Overwriting symbol font `operators' in version `normal'
(Font)                  OT1/cmss/m/n --> OT1/lmss/m/n on input line 157.
LaTeX Font Info:    Overwriting symbol font `operators' in version `bold'
(Font)                  OT1/cmss/b/n --> OT1/lmss/b/n on input line 157.
\symnumbers=\mathgroup6
\sympureletters=\mathgroup7
LaTeX Font Info:    Overwriting math alphabet `\mathrm' in version `normal'
(Font)                  OT1/lmss/m/n --> T1/lmr/m/n on input line 157.
LaTeX Font Info:    Redeclaring math alphabet \mathbf on input line 157.
LaTeX Font Info:    Overwriting math alphabet `\mathbf' in version `normal'
(Font)                  OT1/lmr/bx/n --> T1/lmss/b/n on input line 157.
LaTeX Font Info:    Overwriting math alphabet `\mathbf' in version `bold'
(Font)                  OT1/lmr/bx/n --> T1/lmss/b/n on input line 157.
LaTeX Font Info:    Redeclaring math alphabet \mathsf on input line 157.
LaTeX Font Info:    Overwriting math alphabet `\mathsf' in version `normal'
(Font)                  OT1/lmss/m/n --> T1/lmss/m/n on input line 157.
LaTeX Font Info:    Overwriting math alphabet `\mathsf' in version `bold'
(Font)                  OT1/lmss/bx/n --> T1/lmss/m/n on input line 157.
LaTeX Font Info:    Redeclaring math alphabet \mathit on input line 157.
LaTeX Font Info:    Overwriting math alphabet `\mathit' in version `normal'
(Font)                  OT1/lmr/m/it --> T1/lmss/m/it on input line 157.
LaTeX Font Info:    Overwriting math alphabet `\mathit' in version `bold'
(Font)                  OT1/lmr/bx/it --> T1/lmss/m/it on input line 157.
LaTeX Font Info:    Redeclaring math alphabet \mathtt on input line 157.
LaTeX Font Info:    Overwriting math alphabet `\mathtt' in version `normal'
(Font)                  OT1/lmtt/m/n --> T1/lmtt/m/n on input line 157.
LaTeX Font Info:    Overwriting math alphabet `\mathtt' in version `bold'
(Font)                  OT1/lmtt/m/n --> T1/lmtt/m/n on input line 157.
LaTeX Font Info:    Overwriting symbol font `numbers' in version `bold'
(Font)                  T1/lmss/m/n --> T1/lmss/b/n on input line 157.
LaTeX Font Info:    Overwriting symbol font `pureletters' in version `bold'
(Font)                  T1/lmss/m/it --> T1/lmss/b/it on input line 157.
LaTeX Font Info:    Overwriting math alphabet `\mathrm' in version `bold'
(Font)                  OT1/lmss/b/n --> T1/lmr/b/n on input line 157.
LaTeX Font Info:    Overwriting math alphabet `\mathbf' in version `bold'
(Font)                  T1/lmss/b/n --> T1/lmss/b/n on input line 157.
LaTeX Font Info:    Overwriting math alphabet `\mathsf' in version `bold'
(Font)                  T1/lmss/m/n --> T1/lmss/b/n on input line 157.
LaTeX Font Info:    Overwriting math alphabet `\mathit' in version `bold'
(Font)                  T1/lmss/m/it --> T1/lmss/b/it on input line 157.
LaTeX Font Info:    Overwriting math alphabet `\mathtt' in version `bold'
(Font)                  T1/lmtt/m/n --> T1/lmtt/b/n on input line 157.

(c:/Users/t169/AppData/Roaming/TinyTeX/texmf-dist/tex/latex/translator/translat
or-basic-dictionary-English.dict
Dictionary: translator-basic-dictionary, Language: English 
)
(c:/Users/t169/AppData/Roaming/TinyTeX/texmf-dist/tex/latex/translator/translat
or-bibliography-dictionary-English.dict
Dictionary: translator-bibliography-dictionary, Language: English 
)
(c:/Users/t169/AppData/Roaming/TinyTeX/texmf-dist/tex/latex/translator/translat
or-environment-dictionary-English.dict
Dictionary: translator-environment-dictionary, Language: English 
)
(c:/Users/t169/AppData/Roaming/TinyTeX/texmf-dist/tex/latex/translator/translat
or-months-dictionary-English.dict
Dictionary: translator-months-dictionary, Language: English 
)
(c:/Users/t169/AppData/Roaming/TinyTeX/texmf-dist/tex/latex/translator/translat
or-numbers-dictionary-English.dict
Dictionary: translator-numbers-dictionary, Language: English 
)
(c:/Users/t169/AppData/Roaming/TinyTeX/texmf-dist/tex/latex/translator/translat
or-theorem-dictionary-English.dict
Dictionary: translator-theorem-dictionary, Language: English 
)
LaTeX Info: Redefining \microtypecontext on input line 157.
Package microtype Info: Applying patch `item' on input line 157.
Package microtype Info: Applying patch `toc' on input line 157.
Package microtype Info: Applying patch `eqnum' on input line 157.

Package microtype Warning: Unable to apply patch `footnote' on input line 157.

Package microtype Info: Generating PDF output.
Package microtype Info: Character protrusion enabled (level 2).
Package microtype Info: Using protrusion set `basicmath'.
Package microtype Info: Automatic font expansion enabled (level 2),
(microtype)             stretch: 20, shrink: 20, step: 1, non-selected.
Package microtype Info: Using default expansion set `alltext-nott'.
LaTeX Info: Redefining \showhyphens on input line 157.
Package microtype Info: No adjustment of tracking.
Package microtype Info: No adjustment of interword spacing.
Package microtype Info: No adjustment of character kerning.
Package microtype Info: Loading generic protrusion settings for font family
(microtype)             `lmss' (encoding: T1).
(microtype)             For optimal results, create family-specific settings.
(microtype)             See the microtype manual for details.
(./AnalisisComponentesPrincipales_fusion.nav) [1

{c:/Users/t169/AppData/Roaming/TinyTeX/texmf-var/fonts/map/pdftex/updmap/pdftex
.map}]
LaTeX Font Info:    Trying to load font information for OT1+lmss on input line 
180.
(c:/Users/t169/AppData/Roaming/TinyTeX/texmf-dist/tex/latex/lm/ot1lmss.fd
File: ot1lmss.fd 2015/05/01 v1.6.1 Font defs for Latin Modern
)
Package microtype Info: Loading generic protrusion settings for font family
(microtype)             `lmss' (encoding: OT1).
(microtype)             For optimal results, create family-specific settings.
(microtype)             See the microtype manual for details.
LaTeX Font Info:    Trying to load font information for OML+lmm on input line 1
80.
(c:/Users/t169/AppData/Roaming/TinyTeX/texmf-dist/tex/latex/lm/omllmm.fd
File: omllmm.fd 2015/05/01 v1.6.1 Font defs for Latin Modern
)
LaTeX Font Info:    Trying to load font information for OMS+lmsy on input line 
180.
(c:/Users/t169/AppData/Roaming/TinyTeX/texmf-dist/tex/latex/lm/omslmsy.fd
File: omslmsy.fd 2015/05/01 v1.6.1 Font defs for Latin Modern
)
LaTeX Font Info:    Trying to load font information for OMX+lmex on input line 
180.
(c:/Users/t169/AppData/Roaming/TinyTeX/texmf-dist/tex/latex/lm/omxlmex.fd
File: omxlmex.fd 2015/05/01 v1.6.1 Font defs for Latin Modern
)
LaTeX Font Info:    External font `lmex10' loaded for size
(Font)              <10.95> on input line 180.
LaTeX Font Info:    External font `lmex10' loaded for size
(Font)              <8> on input line 180.
LaTeX Font Info:    External font `lmex10' loaded for size
(Font)              <6> on input line 180.
LaTeX Font Info:    Trying to load font information for U+msa on input line 180
.
(c:/Users/t169/AppData/Roaming/TinyTeX/texmf-dist/tex/latex/amsfonts/umsa.fd
File: umsa.fd 2013/01/14 v3.01 AMS symbols A
)
(c:/Users/t169/AppData/Roaming/TinyTeX/texmf-dist/tex/latex/microtype/mt-msa.cf
g
File: mt-msa.cfg 2006/02/04 v1.1 microtype config. file: AMS symbols (a) (RS)
)
LaTeX Font Info:    Trying to load font information for U+msb on input line 180
.
(c:/Users/t169/AppData/Roaming/TinyTeX/texmf-dist/tex/latex/amsfonts/umsb.fd
File: umsb.fd 2013/01/14 v3.01 AMS symbols B
)
(c:/Users/t169/AppData/Roaming/TinyTeX/texmf-dist/tex/latex/microtype/mt-msb.cf
g
File: mt-msb.cfg 2005/06/01 v1.0 microtype config. file: AMS symbols (b) (RS)
)
LaTeX Font Info:    Font shape `T1/lmss/m/it' in size <10.95> not available
(Font)              Font shape `T1/lmss/m/sl' tried instead on input line 180.
LaTeX Font Info:    Font shape `T1/lmss/m/it' in size <8> not available
(Font)              Font shape `T1/lmss/m/sl' tried instead on input line 180.
LaTeX Font Info:    Font shape `T1/lmss/m/it' in size <6> not available
(Font)              Font shape `T1/lmss/m/sl' tried instead on input line 180.
[2

] [3

] [4

] [5

] [6

] [7

] [8

] [9

] [10

] [11

] [12

] [13

]
LaTeX Font Info:    Font shape `T1/lmss/b/n' in size <10.95> not available
(Font)              Font shape `T1/lmss/bx/n' tried instead on input line 377.
LaTeX Font Info:    Font shape `T1/lmss/b/n' in size <8> not available
(Font)              Font shape `T1/lmss/bx/n' tried instead on input line 377.
LaTeX Font Info:    Font shape `T1/lmss/b/n' in size <6> not available
(Font)              Font shape `T1/lmss/bx/n' tried instead on input line 377.
[14

] [15

]
<AnalisisComponentesPrincipales_fusion_files/figure-beamer/inter_geom1-1.pdf, i
d=176, 255.95625pt x 212.795pt>
File: AnalisisComponentesPrincipales_fusion_files/figure-beamer/inter_geom1-1.p
df Graphic file (type pdf)
<use AnalisisComponentesPrincipales_fusion_files/figure-beamer/inter_geom1-1.pd
f>
Package pdftex.def Info: AnalisisComponentesPrincipales_fusion_files/figure-bea
mer/inter_geom1-1.pdf  used on input line 404.
(pdftex.def)             Requested size: 255.95561pt x 212.79446pt.

Overfull \vbox (36.51448pt too high) detected at line 404
 []

[16

 <./AnalisisComponentesPrincipales_fusion_files/figure-beamer/inter_geom1-1.pdf
>]
<AnalisisComponentesPrincipales_fusion_files/figure-beamer/inter2-1.pdf, id=190
, 255.95625pt x 212.795pt>
File: AnalisisComponentesPrincipales_fusion_files/figure-beamer/inter2-1.pdf Gr
aphic file (type pdf)
<use AnalisisComponentesPrincipales_fusion_files/figure-beamer/inter2-1.pdf>
Package pdftex.def Info: AnalisisComponentesPrincipales_fusion_files/figure-bea
mer/inter2-1.pdf  used on input line 413.
(pdftex.def)             Requested size: 255.95561pt x 212.79446pt.

Overfull \vbox (36.51448pt too high) detected at line 413
 []

[17

 <./AnalisisComponentesPrincipales_fusion_files/figure-beamer/inter2-1.pdf>]
<AnalisisComponentesPrincipales_fusion_files/figure-beamer/inter3-1.pdf, id=204
, 255.95625pt x 212.795pt>
File: AnalisisComponentesPrincipales_fusion_files/figure-beamer/inter3-1.pdf Gr
aphic file (type pdf)
<use AnalisisComponentesPrincipales_fusion_files/figure-beamer/inter3-1.pdf>
Package pdftex.def Info: AnalisisComponentesPrincipales_fusion_files/figure-bea
mer/inter3-1.pdf  used on input line 421.
(pdftex.def)             Requested size: 255.95561pt x 212.79446pt.

Overfull \vbox (37.12283pt too high) detected at line 421
 []

[18

 <./AnalisisComponentesPrincipales_fusion_files/figure-beamer/inter3-1.pdf>]
LaTeX Font Info:    Trying to load font information for TS1+lmss on input line 
432.
(c:/Users/t169/AppData/Roaming/TinyTeX/texmf-dist/tex/latex/lm/ts1lmss.fd
File: ts1lmss.fd 2015/05/01 v1.6.1 Font defs for Latin Modern
) [19

]
<AnalisisComponentesPrincipales_fusion_files/figure-beamer/inter4.1-1.pdf, id=2
26, 255.95625pt x 212.795pt>
File: AnalisisComponentesPrincipales_fusion_files/figure-beamer/inter4.1-1.pdf 
Graphic file (type pdf)
<use AnalisisComponentesPrincipales_fusion_files/figure-beamer/inter4.1-1.pdf>
Package pdftex.def Info: AnalisisComponentesPrincipales_fusion_files/figure-bea
mer/inter4.1-1.pdf  used on input line 440.
(pdftex.def)             Requested size: 255.95561pt x 212.79446pt.

Overfull \vbox (37.12283pt too high) detected at line 440
 []

[20

 <./AnalisisComponentesPrincipales_fusion_files/figure-beamer/inter4.1-1.pdf>] 
[21

]
Overfull \vbox (44.02011pt too high) detected at line 472
 []

[22

] [23

] [24

]
\openout4 = `AnalisisComponentesPrincipales_fusion.vrb'.

(./AnalisisComponentesPrincipales_fusion.vrb
LaTeX Font Info:    Trying to load font information for T1+lmtt on input line 4
.
(c:/Users/t169/AppData/Roaming/TinyTeX/texmf-dist/tex/latex/lm/t1lmtt.fd
File: t1lmtt.fd 2015/05/01 v1.6.1 Font defs for Latin Modern
)) [25

]
\openout4 = `AnalisisComponentesPrincipales_fusion.vrb'.

(./AnalisisComponentesPrincipales_fusion.vrb) [26

]
<AnalisisComponentesPrincipales_fusion_files/figure-beamer/unnamed-chunk-2-1.pd
f, id=278, 672.5125pt x 464.73625pt>
File: AnalisisComponentesPrincipales_fusion_files/figure-beamer/unnamed-chunk-2
-1.pdf Graphic file (type pdf)
<use AnalisisComponentesPrincipales_fusion_files/figure-beamer/unnamed-chunk-2-
1.pdf>
Package pdftex.def Info: AnalisisComponentesPrincipales_fusion_files/figure-bea
mer/unnamed-chunk-2-1.pdf  used on input line 560.
(pdftex.def)             Requested size: 307.28664pt x 212.34882pt.
[27

 <./AnalisisComponentesPrincipales_fusion_files/figure-beamer/unnamed-chunk-2-1
.pdf>] [28

]
\openout4 = `AnalisisComponentesPrincipales_fusion.vrb'.

(./AnalisisComponentesPrincipales_fusion.vrb) [29

]
\openout4 = `AnalisisComponentesPrincipales_fusion.vrb'.

(./AnalisisComponentesPrincipales_fusion.vrb) [30

]
\openout4 = `AnalisisComponentesPrincipales_fusion.vrb'.

(./AnalisisComponentesPrincipales_fusion.vrb) [31

] [32

] [33

]
\openout4 = `AnalisisComponentesPrincipales_fusion.vrb'.

(./AnalisisComponentesPrincipales_fusion.vrb
Overfull \hbox (26.13667pt too wide) in paragraph at lines 22--22
[]\T1/lmtt/m/n/10.95 ## [1] 136.61529623   8.86125966   0.73789460   0.04677667
[] 
 []

) [34

] [35

] [36

]
\openout4 = `AnalisisComponentesPrincipales_fusion.vrb'.

(./AnalisisComponentesPrincipales_fusion.vrb
Overfull \hbox (3.14174pt too wide) in paragraph at lines 22--22
[]\T1/lmtt/m/n/10.95 ##             [,1]       [,2]        [,3]        [,4][] 
 []


Overfull \hbox (3.14174pt too wide) in paragraph at lines 22--22
[]\T1/lmtt/m/n/10.95 ##  [1,]  -3.053710  0.2010126 -0.82701014  0.28011692[] 
 []


Overfull \hbox (3.14174pt too wide) in paragraph at lines 22--22
[]\T1/lmtt/m/n/10.95 ##  [2,] -12.719190  2.4798083 -0.33296991  0.10258907[] 
 []


Overfull \hbox (3.14174pt too wide) in paragraph at lines 22--22
[]\T1/lmtt/m/n/10.95 ##  [3,]  -4.292542 -3.2947403 -0.02544479 -0.22791715[] 
 []


Overfull \hbox (3.14174pt too wide) in paragraph at lines 22--22
[]\T1/lmtt/m/n/10.95 ##  [4,]   7.372657 -6.7363084 -0.18344827  0.02874558[] 
 []


Overfull \hbox (3.14174pt too wide) in paragraph at lines 22--22
[]\T1/lmtt/m/n/10.95 ##  [5,] -15.299325  0.5653125  1.02890237  0.18327243[] 
 []


Overfull \hbox (3.14174pt too wide) in paragraph at lines 22--22
[]\T1/lmtt/m/n/10.95 ##  [6,]  -1.354027  1.3192330  1.46314663 -0.32050161[] 
 []


Overfull \hbox (3.14174pt too wide) in paragraph at lines 22--22
[]\T1/lmtt/m/n/10.95 ##  [7,]  -6.996545  1.4105455 -1.46023526 -0.23340514[] 
 []


Overfull \hbox (3.14174pt too wide) in paragraph at lines 22--22
[]\T1/lmtt/m/n/10.95 ##  [8,]  13.676731  0.4374966  0.62864176  0.28187987[] 
 []


Overfull \hbox (3.14174pt too wide) in paragraph at lines 22--22
[]\T1/lmtt/m/n/10.95 ##  [9,]  22.665952  3.6176402 -0.29158239 -0.09477995[] 
 []

) [37

]
<AnalisisComponentesPrincipales_fusion_files/figure-beamer/plotACP1-1.pdf, id=3
58, 690.58pt x 176.66pt>
File: AnalisisComponentesPrincipales_fusion_files/figure-beamer/plotACP1-1.pdf 
Graphic file (type pdf)
<use AnalisisComponentesPrincipales_fusion_files/figure-beamer/plotACP1-1.pdf>
Package pdftex.def Info: AnalisisComponentesPrincipales_fusion_files/figure-bea
mer/plotACP1-1.pdf  used on input line 821.
(pdftex.def)             Requested size: 307.29132pt x 78.6094pt.
[38

 <./AnalisisComponentesPrincipales_fusion_files/figure-beamer/plotACP1-1.pdf>]
\openout4 = `AnalisisComponentesPrincipales_fusion.vrb'.

(./AnalisisComponentesPrincipales_fusion.vrb) [39

]
<AnalisisComponentesPrincipales_fusion_files/figure-beamer/pairsacptodos1-1.pdf
, id=379, 672.5125pt x 464.73625pt>
File: AnalisisComponentesPrincipales_fusion_files/figure-beamer/pairsacptodos1-
1.pdf Graphic file (type pdf)
<use AnalisisComponentesPrincipales_fusion_files/figure-beamer/pairsacptodos1-1
.pdf>
Package pdftex.def Info: AnalisisComponentesPrincipales_fusion_files/figure-bea
mer/pairsacptodos1-1.pdf  used on input line 840.
(pdftex.def)             Requested size: 307.28664pt x 212.34882pt.
[40

 <./AnalisisComponentesPrincipales_fusion_files/figure-beamer/pairsacptodos1-1.
pdf>] [41

] [42

] [43

] [44

] [45

] [46

]
Overfull \vbox (3.69504pt too high) detected at line 981
 []

[47

] [48

] [49

] [50

] [51

]

LaTeX Font Warning: Command \tiny invalid in math mode on input line 1094.

LaTeX Font Info:    External font `lmex10' loaded for size
(Font)              <5> on input line 1094.
LaTeX Font Info:    Font shape `T1/lmss/b/n' in size <5> not available
(Font)              Font shape `T1/lmss/bx/n' tried instead on input line 1094.

LaTeX Font Info:    Font shape `T1/lmss/m/it' in size <5> not available
(Font)              Font shape `T1/lmss/m/sl' tried instead on input line 1094.

[52

]

LaTeX Font Warning: Command \tiny invalid in math mode on input line 1124.

[53

] [54

] [55

]

LaTeX Font Warning: Command \tiny invalid in math mode on input line 1207.

[56

]
Overfull \vbox (8.19505pt too high) detected at line 1230
 []

[57

] [58

] [59

] [60

] [61

] [62

] [63

] [64

] [65

] [66

] [67

] [68

] [69

] [70

] [71

] [72

] [73

] [74

] [75

] [76

] [77

] [78

] [79

] [80

] [81

] [82

] [83

] [84

]
\openout4 = `AnalisisComponentesPrincipales_fusion.vrb'.

(./AnalisisComponentesPrincipales_fusion.vrb) [85

]
<AnalisisComponentesPrincipales_fusion_files/figure-beamer/screeplotlines-1.pdf
, id=680, 685.56125pt x 438.63875pt>
File: AnalisisComponentesPrincipales_fusion_files/figure-beamer/screeplotlines-
1.pdf Graphic file (type pdf)
<use AnalisisComponentesPrincipales_fusion_files/figure-beamer/screeplotlines-1
.pdf>
Package pdftex.def Info: AnalisisComponentesPrincipales_fusion_files/figure-bea
mer/screeplotlines-1.pdf  used on input line 1687.
(pdftex.def)             Requested size: 307.2967pt x 196.6159pt.
[86

 <./AnalisisComponentesPrincipales_fusion_files/figure-beamer/screeplotlines-1.
pdf>]
<AnalisisComponentesPrincipales_fusion_files/figure-beamer/screeplotbar-1.pdf, 
id=695, 665.48625pt x 257.96375pt>
File: AnalisisComponentesPrincipales_fusion_files/figure-beamer/screeplotbar-1.
pdf Graphic file (type pdf)
<use AnalisisComponentesPrincipales_fusion_files/figure-beamer/screeplotbar-1.p
df>
Package pdftex.def Info: AnalisisComponentesPrincipales_fusion_files/figure-bea
mer/screeplotbar-1.pdf  used on input line 1698.
(pdftex.def)             Requested size: 307.29515pt x 119.11742pt.
[87

 <./AnalisisComponentesPrincipales_fusion_files/figure-beamer/screeplotbar-1.pd
f>] [88

] [89

]
\openout4 = `AnalisisComponentesPrincipales_fusion.vrb'.

(./AnalisisComponentesPrincipales_fusion.vrb) [90

]
\openout4 = `AnalisisComponentesPrincipales_fusion.vrb'.

(./AnalisisComponentesPrincipales_fusion.vrb
LaTeX Font Info:    Font shape `T1/lmtt/bx/n' in size <10.95> not available
(Font)              Font shape `T1/lmtt/b/n' tried instead on input line 7.
)
Overfull \vbox (362.5387pt too high) detected at line 1809
 []

[91

] [92

] [93

]
\openout4 = `AnalisisComponentesPrincipales_fusion.vrb'.

(./AnalisisComponentesPrincipales_fusion.vrb) [94

] [95

]

LaTeX Font Warning: Command \footnotesize invalid in math mode on input line 18
98.

LaTeX Font Info:    External font `lmex10' loaded for size
(Font)              <9> on input line 1898.
LaTeX Font Info:    Font shape `T1/lmss/b/n' in size <9> not available
(Font)              Font shape `T1/lmss/bx/n' tried instead on input line 1898.

LaTeX Font Info:    Font shape `T1/lmss/m/it' in size <9> not available
(Font)              Font shape `T1/lmss/m/sl' tried instead on input line 1898.

[96

] [97

] [98

] [99

] [100

] [101

] [102

] [103

]
\openout4 = `AnalisisComponentesPrincipales_fusion.vrb'.

(./AnalisisComponentesPrincipales_fusion.vrb) [104

]
<AnalisisComponentesPrincipales_fusion_files/figure-beamer/biplot3-1.pdf, id=82
0, 709.65125pt x 352.31625pt>
File: AnalisisComponentesPrincipales_fusion_files/figure-beamer/biplot3-1.pdf G
raphic file (type pdf)
<use AnalisisComponentesPrincipales_fusion_files/figure-beamer/biplot3-1.pdf>
Package pdftex.def Info: AnalisisComponentesPrincipales_fusion_files/figure-bea
mer/biplot3-1.pdf  used on input line 2028.
(pdftex.def)             Requested size: 307.29893pt x 152.56284pt.
[105

 <./AnalisisComponentesPrincipales_fusion_files/figure-beamer/biplot3-1.pdf>] [
106

] [107

] [108

] [109

] [110

]
\openout4 = `AnalisisComponentesPrincipales_fusion.vrb'.

(./AnalisisComponentesPrincipales_fusion.vrb) [111

]
<AnalisisComponentesPrincipales_fusion_files/figure-beamer/biplor-1.pdf, id=872
, 709.65125pt x 352.31625pt>
File: AnalisisComponentesPrincipales_fusion_files/figure-beamer/biplor-1.pdf Gr
aphic file (type pdf)
<use AnalisisComponentesPrincipales_fusion_files/figure-beamer/biplor-1.pdf>
Package pdftex.def Info: AnalisisComponentesPrincipales_fusion_files/figure-bea
mer/biplor-1.pdf  used on input line 2135.
(pdftex.def)             Requested size: 307.29893pt x 152.56284pt.
[112

 <./AnalisisComponentesPrincipales_fusion_files/figure-beamer/biplor-1.pdf>] [1
13

] [114

]
\tf@nav=\write7
\openout7 = `AnalisisComponentesPrincipales_fusion.nav'.

\tf@toc=\write8
\openout8 = `AnalisisComponentesPrincipales_fusion.toc'.

\tf@snm=\write9
\openout9 = `AnalisisComponentesPrincipales_fusion.snm'.

(./AnalisisComponentesPrincipales_fusion.aux)
Package rerunfilecheck Info: File `AnalisisComponentesPrincipales_fusion.out' h
as not changed.
(rerunfilecheck)             Checksum: 8CCB865F0ADFB5637D5B6E787F4EBAC9;2997.
 ) 
Here is how much of TeX's memory you used:
 26140 strings out of 480272
 513042 string characters out of 5893797
 789272 words of memory out of 5000000
 42943 multiletter control sequences out of 15000+600000
 480181 words of font info for 153 fonts, out of 8000000 for 9000
 14 hyphenation exceptions out of 8191
 99i,13n,104p,1034b,408s stack positions out of 5000i,500n,10000p,200000b,80000s
{c:/Users/t169/AppData/Roaming/TinyTeX/texmf-dist/fonts/enc/dvips/lm/lm-maths
y.enc}{c:/Users/t169/AppData/Roaming/TinyTeX/texmf-dist/fonts/enc/dvips/lm/lm-m
athit.enc}{c:/Users/t169/AppData/Roaming/TinyTeX/texmf-dist/fonts/enc/dvips/lm/
lm-ec.enc}{c:/Users/t169/AppData/Roaming/TinyTeX/texmf-dist/fonts/enc/dvips/lm/
lm-rm.enc}{c:/Users/t169/AppData/Roaming/TinyTeX/texmf-dist/fonts/enc/dvips/lm/
lm-mathex.enc}{c:/Users/t169/AppData/Roaming/TinyTeX/texmf-dist/fonts/enc/dvips
/lm/lm-ts1.enc}<c:/Users/t169/AppData/Roaming/TinyTeX/texmf-dist/fonts/type1/pu
blic/lm/lmex10.pfb><c:/Users/t169/AppData/Roaming/TinyTeX/texmf-dist/fonts/type
1/public/lm/lmmi10.pfb><c:/Users/t169/AppData/Roaming/TinyTeX/texmf-dist/fonts/
type1/public/lm/lmmi6.pfb><c:/Users/t169/AppData/Roaming/TinyTeX/texmf-dist/fon
ts/type1/public/lm/lmmi8.pfb><c:/Users/t169/AppData/Roaming/TinyTeX/texmf-dist/
fonts/type1/public/lm/lmmi9.pfb><c:/Users/t169/AppData/Roaming/TinyTeX/texmf-di
st/fonts/type1/public/lm/lmss10.pfb><c:/Users/t169/AppData/Roaming/TinyTeX/texm
f-dist/fonts/type1/public/lm/lmss12.pfb><c:/Users/t169/AppData/Roaming/TinyTeX/
texmf-dist/fonts/type1/public/lm/lmss8.pfb><c:/Users/t169/AppData/Roaming/TinyT
eX/texmf-dist/fonts/type1/public/lm/lmss9.pfb><c:/Users/t169/AppData/Roaming/Ti
nyTeX/texmf-dist/fonts/type1/public/lm/lmssbx10.pfb><c:/Users/t169/AppData/Roam
ing/TinyTeX/texmf-dist/fonts/type1/public/lm/lmsso10.pfb><c:/Users/t169/AppData
/Roaming/TinyTeX/texmf-dist/fonts/type1/public/lm/lmsso8.pfb><c:/Users/t169/App
Data/Roaming/TinyTeX/texmf-dist/fonts/type1/public/lm/lmsy10.pfb><c:/Users/t169
/AppData/Roaming/TinyTeX/texmf-dist/fonts/type1/public/lm/lmsy6.pfb><c:/Users/t
169/AppData/Roaming/TinyTeX/texmf-dist/fonts/type1/public/lm/lmsy8.pfb><c:/User
s/t169/AppData/Roaming/TinyTeX/texmf-dist/fonts/type1/public/lm/lmsy9.pfb><c:/U
sers/t169/AppData/Roaming/TinyTeX/texmf-dist/fonts/type1/public/lm/lmtk10.pfb><
c:/Users/t169/AppData/Roaming/TinyTeX/texmf-dist/fonts/type1/public/lm/lmtt10.p
fb><c:/Users/t169/AppData/Roaming/TinyTeX/texmf-dist/fonts/type1/public/lm/lmtt
i10.pfb>
Output written on AnalisisComponentesPrincipales_fusion.pdf (114 pages, 440466 
bytes).
PDF statistics:
 1068 PDF objects out of 1200 (max. 8388607)
 861 compressed objects within 9 object streams
 342 named destinations out of 1000 (max. 500000)
 47322 words of extra memory for PDF output out of 51595 (max. 10000000)

