This is pdfTeX, Version 3.141592653-2.6-1.40.23 (TeX Live 2022/dev) (preloaded format=pdflatex 2021.7.3)  16 NOV 2021 12:23
entering extended mode
 restricted \write18 enabled.
 %&-line parsing enabled.
**introducción_estadística_multivariante.tex
(./introducción_estadística_multivariante.tex
LaTeX2e <2021-06-01> patch level 1
L3 programming layer <2021-06-18> (/Users/juangabriel/Library/TinyTeX/texmf-dis
t/tex/latex/beamer/beamer.cls
Document Class: beamer 2021/10/18 v3.64 A class for typesetting presentations

(/Users/juangabriel/Library/TinyTeX/texmf-dist/tex/latex/beamer/beamerbasemodes
.sty (/Users/juangabriel/Library/TinyTeX/texmf-dist/tex/latex/etoolbox/etoolbox
.sty
Package: etoolbox 2020/10/05 v2.5k e-TeX tools for LaTeX (JAW)
\etb@tempcnta=\count182
)
\beamer@tempbox=\box50
\beamer@tempcount=\count183
\c@beamerpauses=\count184

(/Users/juangabriel/Library/TinyTeX/texmf-dist/tex/latex/beamer/beamerbasedecod
e.sty
\beamer@slideinframe=\count185
\beamer@minimum=\count186
\beamer@decode@box=\box51
)
\beamer@commentbox=\box52
\beamer@modecount=\count187
) (/Users/juangabriel/Library/TinyTeX/texmf-dist/tex/generic/iftex/ifpdf.sty
Package: ifpdf 2019/10/25 v3.4 ifpdf legacy package. Use iftex instead.
(/Users/juangabriel/Library/TinyTeX/texmf-dist/tex/generic/iftex/iftex.sty
Package: iftex 2020/03/06 v1.0d TeX engine tests
))
\headdp=\dimen138
\footheight=\dimen139
\sidebarheight=\dimen140
\beamer@tempdim=\dimen141
\beamer@finalheight=\dimen142
\beamer@animht=\dimen143
\beamer@animdp=\dimen144
\beamer@animwd=\dimen145
\beamer@leftmargin=\dimen146
\beamer@rightmargin=\dimen147
\beamer@leftsidebar=\dimen148
\beamer@rightsidebar=\dimen149
\beamer@boxsize=\dimen150
\beamer@vboxoffset=\dimen151
\beamer@descdefault=\dimen152
\beamer@descriptionwidth=\dimen153
\beamer@lastskip=\skip47
\beamer@areabox=\box53
\beamer@animcurrent=\box54
\beamer@animshowbox=\box55
\beamer@sectionbox=\box56
\beamer@logobox=\box57
\beamer@linebox=\box58
\beamer@sectioncount=\count188
\beamer@subsubsectionmax=\count189
\beamer@subsectionmax=\count190
\beamer@sectionmax=\count191
\beamer@totalheads=\count192
\beamer@headcounter=\count193
\beamer@partstartpage=\count194
\beamer@sectionstartpage=\count195
\beamer@subsectionstartpage=\count196
\beamer@animationtempa=\count197
\beamer@animationtempb=\count198
\beamer@xpos=\count199
\beamer@ypos=\count266
\beamer@ypos@offset=\count267
\beamer@showpartnumber=\count268
\beamer@currentsubsection=\count269
\beamer@coveringdepth=\count270
\beamer@sectionadjust=\count271
\beamer@toclastsection=\count272
\beamer@tocsectionnumber=\count273

(/Users/juangabriel/Library/TinyTeX/texmf-dist/tex/latex/beamer/beamerbaseoptio
ns.sty (/Users/juangabriel/Library/TinyTeX/texmf-dist/tex/latex/graphics/keyval
.sty
Package: keyval 2014/10/28 v1.15 key=value parser (DPC)
\KV@toks@=\toks16
))
\beamer@paperwidth=\skip48
\beamer@paperheight=\skip49
(/Users/juangabriel/Library/TinyTeX/texmf-dist/tex/latex/geometry/geometry.sty
Package: geometry 2020/01/02 v5.9 Page Geometry
(/Users/juangabriel/Library/TinyTeX/texmf-dist/tex/generic/iftex/ifvtex.sty
Package: ifvtex 2019/10/25 v1.7 ifvtex legacy package. Use iftex instead.
)
\Gm@cnth=\count274
\Gm@cntv=\count275
\c@Gm@tempcnt=\count276
\Gm@bindingoffset=\dimen154
\Gm@wd@mp=\dimen155
\Gm@odd@mp=\dimen156
\Gm@even@mp=\dimen157
\Gm@layoutwidth=\dimen158
\Gm@layoutheight=\dimen159
\Gm@layouthoffset=\dimen160
\Gm@layoutvoffset=\dimen161
\Gm@dimlist=\toks17
) (/Users/juangabriel/Library/TinyTeX/texmf-dist/tex/latex/base/size11.clo
File: size11.clo 2021/10/04 v1.4n Standard LaTeX file (size option)
)
(/Users/juangabriel/Library/TinyTeX/texmf-dist/tex/latex/pgf/basiclayer/pgfcore
.sty (/Users/juangabriel/Library/TinyTeX/texmf-dist/tex/latex/graphics/graphicx
.sty
Package: graphicx 2021/09/16 v1.2d Enhanced LaTeX Graphics (DPC,SPQR)
(/Users/juangabriel/Library/TinyTeX/texmf-dist/tex/latex/graphics/graphics.sty
Package: graphics 2021/03/04 v1.4d Standard LaTeX Graphics (DPC,SPQR)
(/Users/juangabriel/Library/TinyTeX/texmf-dist/tex/latex/graphics/trig.sty
Package: trig 2021/08/11 v1.11 sin cos tan (DPC)
)
(/Users/juangabriel/Library/TinyTeX/texmf-dist/tex/latex/graphics-cfg/graphics.
cfg
File: graphics.cfg 2016/06/04 v1.11 sample graphics configuration
)
Package graphics Info: Driver file: pdftex.def on input line 107.

(/Users/juangabriel/Library/TinyTeX/texmf-dist/tex/latex/graphics-def/pdftex.de
f
File: pdftex.def 2020/10/05 v1.2a Graphics/color driver for pdftex
))
\Gin@req@height=\dimen162
\Gin@req@width=\dimen163
)
(/Users/juangabriel/Library/TinyTeX/texmf-dist/tex/latex/pgf/systemlayer/pgfsys
.sty
(/Users/juangabriel/Library/TinyTeX/texmf-dist/tex/latex/pgf/utilities/pgfrcs.s
ty
(/Users/juangabriel/Library/TinyTeX/texmf-dist/tex/generic/pgf/utilities/pgfuti
l-common.tex
\pgfutil@everybye=\toks18
\pgfutil@tempdima=\dimen164
\pgfutil@tempdimb=\dimen165

(/Users/juangabriel/Library/TinyTeX/texmf-dist/tex/generic/pgf/utilities/pgfuti
l-common-lists.tex))
(/Users/juangabriel/Library/TinyTeX/texmf-dist/tex/generic/pgf/utilities/pgfuti
l-latex.def
\pgfutil@abb=\box59
)
(/Users/juangabriel/Library/TinyTeX/texmf-dist/tex/generic/pgf/utilities/pgfrcs
.code.tex
(/Users/juangabriel/Library/TinyTeX/texmf-dist/tex/generic/pgf/pgf.revision.tex
)
Package: pgfrcs 2021/05/15 v3.1.9a (3.1.9a)
))
(/Users/juangabriel/Library/TinyTeX/texmf-dist/tex/generic/pgf/systemlayer/pgfs
ys.code.tex
Package: pgfsys 2021/05/15 v3.1.9a (3.1.9a)

(/Users/juangabriel/Library/TinyTeX/texmf-dist/tex/generic/pgf/utilities/pgfkey
s.code.tex
\pgfkeys@pathtoks=\toks19
\pgfkeys@temptoks=\toks20

(/Users/juangabriel/Library/TinyTeX/texmf-dist/tex/generic/pgf/utilities/pgfkey
sfiltered.code.tex
\pgfkeys@tmptoks=\toks21
))
\pgf@x=\dimen166
\pgf@y=\dimen167
\pgf@xa=\dimen168
\pgf@ya=\dimen169
\pgf@xb=\dimen170
\pgf@yb=\dimen171
\pgf@xc=\dimen172
\pgf@yc=\dimen173
\pgf@xd=\dimen174
\pgf@yd=\dimen175
\w@pgf@writea=\write3
\r@pgf@reada=\read2
\c@pgf@counta=\count277
\c@pgf@countb=\count278
\c@pgf@countc=\count279
\c@pgf@countd=\count280
\t@pgf@toka=\toks22
\t@pgf@tokb=\toks23
\t@pgf@tokc=\toks24
\pgf@sys@id@count=\count281

(/Users/juangabriel/Library/TinyTeX/texmf-dist/tex/generic/pgf/systemlayer/pgf.
cfg
File: pgf.cfg 2021/05/15 v3.1.9a (3.1.9a)
)
Driver file for pgf: pgfsys-pdftex.def

(/Users/juangabriel/Library/TinyTeX/texmf-dist/tex/generic/pgf/systemlayer/pgfs
ys-pdftex.def
File: pgfsys-pdftex.def 2021/05/15 v3.1.9a (3.1.9a)

(/Users/juangabriel/Library/TinyTeX/texmf-dist/tex/generic/pgf/systemlayer/pgfs
ys-common-pdf.def
File: pgfsys-common-pdf.def 2021/05/15 v3.1.9a (3.1.9a)
)))
(/Users/juangabriel/Library/TinyTeX/texmf-dist/tex/generic/pgf/systemlayer/pgfs
yssoftpath.code.tex
File: pgfsyssoftpath.code.tex 2021/05/15 v3.1.9a (3.1.9a)
\pgfsyssoftpath@smallbuffer@items=\count282
\pgfsyssoftpath@bigbuffer@items=\count283
)
(/Users/juangabriel/Library/TinyTeX/texmf-dist/tex/generic/pgf/systemlayer/pgfs
ysprotocol.code.tex
File: pgfsysprotocol.code.tex 2021/05/15 v3.1.9a (3.1.9a)
)) (/Users/juangabriel/Library/TinyTeX/texmf-dist/tex/latex/xcolor/xcolor.sty
Package: xcolor 2021/10/31 v2.13 LaTeX color extensions (UK)

(/Users/juangabriel/Library/TinyTeX/texmf-dist/tex/latex/graphics-cfg/color.cfg
File: color.cfg 2016/01/02 v1.6 sample color configuration
)
Package xcolor Info: Driver file: pdftex.def on input line 227.
Package xcolor Info: Model `cmy' substituted by `cmy0' on input line 1352.
Package xcolor Info: Model `hsb' substituted by `rgb' on input line 1356.
Package xcolor Info: Model `RGB' extended on input line 1368.
Package xcolor Info: Model `HTML' substituted by `rgb' on input line 1370.
Package xcolor Info: Model `Hsb' substituted by `hsb' on input line 1371.
Package xcolor Info: Model `tHsb' substituted by `hsb' on input line 1372.
Package xcolor Info: Model `HSB' substituted by `hsb' on input line 1373.
Package xcolor Info: Model `Gray' substituted by `gray' on input line 1374.
Package xcolor Info: Model `wave' substituted by `hsb' on input line 1375.
)
(/Users/juangabriel/Library/TinyTeX/texmf-dist/tex/generic/pgf/basiclayer/pgfco
re.code.tex
Package: pgfcore 2021/05/15 v3.1.9a (3.1.9a)

(/Users/juangabriel/Library/TinyTeX/texmf-dist/tex/generic/pgf/math/pgfmath.cod
e.tex
(/Users/juangabriel/Library/TinyTeX/texmf-dist/tex/generic/pgf/math/pgfmathcalc
.code.tex
(/Users/juangabriel/Library/TinyTeX/texmf-dist/tex/generic/pgf/math/pgfmathutil
.code.tex)
(/Users/juangabriel/Library/TinyTeX/texmf-dist/tex/generic/pgf/math/pgfmathpars
er.code.tex
\pgfmath@dimen=\dimen176
\pgfmath@count=\count284
\pgfmath@box=\box60
\pgfmath@toks=\toks25
\pgfmath@stack@operand=\toks26
\pgfmath@stack@operation=\toks27
)
(/Users/juangabriel/Library/TinyTeX/texmf-dist/tex/generic/pgf/math/pgfmathfunc
tions.code.tex
(/Users/juangabriel/Library/TinyTeX/texmf-dist/tex/generic/pgf/math/pgfmathfunc
tions.basic.code.tex)
(/Users/juangabriel/Library/TinyTeX/texmf-dist/tex/generic/pgf/math/pgfmathfunc
tions.trigonometric.code.tex)
(/Users/juangabriel/Library/TinyTeX/texmf-dist/tex/generic/pgf/math/pgfmathfunc
tions.random.code.tex)
(/Users/juangabriel/Library/TinyTeX/texmf-dist/tex/generic/pgf/math/pgfmathfunc
tions.comparison.code.tex)
(/Users/juangabriel/Library/TinyTeX/texmf-dist/tex/generic/pgf/math/pgfmathfunc
tions.base.code.tex)
(/Users/juangabriel/Library/TinyTeX/texmf-dist/tex/generic/pgf/math/pgfmathfunc
tions.round.code.tex)
(/Users/juangabriel/Library/TinyTeX/texmf-dist/tex/generic/pgf/math/pgfmathfunc
tions.misc.code.tex)
(/Users/juangabriel/Library/TinyTeX/texmf-dist/tex/generic/pgf/math/pgfmathfunc
tions.integerarithmetics.code.tex)))
(/Users/juangabriel/Library/TinyTeX/texmf-dist/tex/generic/pgf/math/pgfmathfloa
t.code.tex
\c@pgfmathroundto@lastzeros=\count285
))
(/Users/juangabriel/Library/TinyTeX/texmf-dist/tex/generic/pgf/math/pgfint.code
.tex)
(/Users/juangabriel/Library/TinyTeX/texmf-dist/tex/generic/pgf/basiclayer/pgfco
repoints.code.tex
File: pgfcorepoints.code.tex 2021/05/15 v3.1.9a (3.1.9a)
\pgf@picminx=\dimen177
\pgf@picmaxx=\dimen178
\pgf@picminy=\dimen179
\pgf@picmaxy=\dimen180
\pgf@pathminx=\dimen181
\pgf@pathmaxx=\dimen182
\pgf@pathminy=\dimen183
\pgf@pathmaxy=\dimen184
\pgf@xx=\dimen185
\pgf@xy=\dimen186
\pgf@yx=\dimen187
\pgf@yy=\dimen188
\pgf@zx=\dimen189
\pgf@zy=\dimen190
)
(/Users/juangabriel/Library/TinyTeX/texmf-dist/tex/generic/pgf/basiclayer/pgfco
repathconstruct.code.tex
File: pgfcorepathconstruct.code.tex 2021/05/15 v3.1.9a (3.1.9a)
\pgf@path@lastx=\dimen191
\pgf@path@lasty=\dimen192
)
(/Users/juangabriel/Library/TinyTeX/texmf-dist/tex/generic/pgf/basiclayer/pgfco
repathusage.code.tex
File: pgfcorepathusage.code.tex 2021/05/15 v3.1.9a (3.1.9a)
\pgf@shorten@end@additional=\dimen193
\pgf@shorten@start@additional=\dimen194
)
(/Users/juangabriel/Library/TinyTeX/texmf-dist/tex/generic/pgf/basiclayer/pgfco
rescopes.code.tex
File: pgfcorescopes.code.tex 2021/05/15 v3.1.9a (3.1.9a)
\pgfpic=\box61
\pgf@hbox=\box62
\pgf@layerbox@main=\box63
\pgf@picture@serial@count=\count286
)
(/Users/juangabriel/Library/TinyTeX/texmf-dist/tex/generic/pgf/basiclayer/pgfco
regraphicstate.code.tex
File: pgfcoregraphicstate.code.tex 2021/05/15 v3.1.9a (3.1.9a)
\pgflinewidth=\dimen195
)
(/Users/juangabriel/Library/TinyTeX/texmf-dist/tex/generic/pgf/basiclayer/pgfco
retransformations.code.tex
File: pgfcoretransformations.code.tex 2021/05/15 v3.1.9a (3.1.9a)
\pgf@pt@x=\dimen196
\pgf@pt@y=\dimen197
\pgf@pt@temp=\dimen198
)
(/Users/juangabriel/Library/TinyTeX/texmf-dist/tex/generic/pgf/basiclayer/pgfco
requick.code.tex
File: pgfcorequick.code.tex 2021/05/15 v3.1.9a (3.1.9a)
)
(/Users/juangabriel/Library/TinyTeX/texmf-dist/tex/generic/pgf/basiclayer/pgfco
reobjects.code.tex
File: pgfcoreobjects.code.tex 2021/05/15 v3.1.9a (3.1.9a)
)
(/Users/juangabriel/Library/TinyTeX/texmf-dist/tex/generic/pgf/basiclayer/pgfco
repathprocessing.code.tex
File: pgfcorepathprocessing.code.tex 2021/05/15 v3.1.9a (3.1.9a)
)
(/Users/juangabriel/Library/TinyTeX/texmf-dist/tex/generic/pgf/basiclayer/pgfco
rearrows.code.tex
File: pgfcorearrows.code.tex 2021/05/15 v3.1.9a (3.1.9a)
\pgfarrowsep=\dimen199
)
(/Users/juangabriel/Library/TinyTeX/texmf-dist/tex/generic/pgf/basiclayer/pgfco
reshade.code.tex
File: pgfcoreshade.code.tex 2021/05/15 v3.1.9a (3.1.9a)
\pgf@max=\dimen256
\pgf@sys@shading@range@num=\count287
\pgf@shadingcount=\count288
)
(/Users/juangabriel/Library/TinyTeX/texmf-dist/tex/generic/pgf/basiclayer/pgfco
reimage.code.tex
File: pgfcoreimage.code.tex 2021/05/15 v3.1.9a (3.1.9a)

(/Users/juangabriel/Library/TinyTeX/texmf-dist/tex/generic/pgf/basiclayer/pgfco
reexternal.code.tex
File: pgfcoreexternal.code.tex 2021/05/15 v3.1.9a (3.1.9a)
\pgfexternal@startupbox=\box64
))
(/Users/juangabriel/Library/TinyTeX/texmf-dist/tex/generic/pgf/basiclayer/pgfco
relayers.code.tex
File: pgfcorelayers.code.tex 2021/05/15 v3.1.9a (3.1.9a)
)
(/Users/juangabriel/Library/TinyTeX/texmf-dist/tex/generic/pgf/basiclayer/pgfco
retransparency.code.tex
File: pgfcoretransparency.code.tex 2021/05/15 v3.1.9a (3.1.9a)
)
(/Users/juangabriel/Library/TinyTeX/texmf-dist/tex/generic/pgf/basiclayer/pgfco
repatterns.code.tex
File: pgfcorepatterns.code.tex 2021/05/15 v3.1.9a (3.1.9a)
)
(/Users/juangabriel/Library/TinyTeX/texmf-dist/tex/generic/pgf/basiclayer/pgfco
rerdf.code.tex
File: pgfcorerdf.code.tex 2021/05/15 v3.1.9a (3.1.9a)
)))
(/Users/juangabriel/Library/TinyTeX/texmf-dist/tex/latex/pgf/utilities/xxcolor.
sty
Package: xxcolor 2003/10/24 ver 0.1
\XC@nummixins=\count289
\XC@countmixins=\count290
) (/Users/juangabriel/Library/TinyTeX/texmf-dist/tex/latex/base/atbegshi-ltx.st
y
Package: atbegshi-ltx 2021/01/10 v1.0c Emulation of the original atbegshi
package with kernel methods
) (/Users/juangabriel/Library/TinyTeX/texmf-dist/tex/latex/hyperref/hyperref.st
y
Package: hyperref 2021-06-07 v7.00m Hypertext links for LaTeX
(/Users/juangabriel/Library/TinyTeX/texmf-dist/tex/generic/ltxcmds/ltxcmds.sty
Package: ltxcmds 2020-05-10 v1.25 LaTeX kernel commands for general use (HO)
)
(/Users/juangabriel/Library/TinyTeX/texmf-dist/tex/generic/pdftexcmds/pdftexcmd
s.sty
Package: pdftexcmds 2020-06-27 v0.33 Utility functions of pdfTeX for LuaTeX (HO
)

(/Users/juangabriel/Library/TinyTeX/texmf-dist/tex/generic/infwarerr/infwarerr.
sty
Package: infwarerr 2019/12/03 v1.5 Providing info/warning/error messages (HO)
)
Package pdftexcmds Info: \pdf@primitive is available.
Package pdftexcmds Info: \pdf@ifprimitive is available.
Package pdftexcmds Info: \pdfdraftmode found.
)
(/Users/juangabriel/Library/TinyTeX/texmf-dist/tex/generic/kvsetkeys/kvsetkeys.
sty
Package: kvsetkeys 2019/12/15 v1.18 Key value parser (HO)
)
(/Users/juangabriel/Library/TinyTeX/texmf-dist/tex/generic/kvdefinekeys/kvdefin
ekeys.sty
Package: kvdefinekeys 2019-12-19 v1.6 Define keys (HO)
)
(/Users/juangabriel/Library/TinyTeX/texmf-dist/tex/generic/pdfescape/pdfescape.
sty
Package: pdfescape 2019/12/09 v1.15 Implements pdfTeX's escape features (HO)
) (/Users/juangabriel/Library/TinyTeX/texmf-dist/tex/latex/hycolor/hycolor.sty
Package: hycolor 2020-01-27 v1.10 Color options for hyperref/bookmark (HO)
)
(/Users/juangabriel/Library/TinyTeX/texmf-dist/tex/latex/letltxmacro/letltxmacr
o.sty
Package: letltxmacro 2019/12/03 v1.6 Let assignment for LaTeX macros (HO)
) (/Users/juangabriel/Library/TinyTeX/texmf-dist/tex/latex/auxhook/auxhook.sty
Package: auxhook 2019-12-17 v1.6 Hooks for auxiliary files (HO)
)
(/Users/juangabriel/Library/TinyTeX/texmf-dist/tex/latex/kvoptions/kvoptions.st
y
Package: kvoptions 2020-10-07 v3.14 Key value format for package options (HO)
)
\@linkdim=\dimen257
\Hy@linkcounter=\count291
\Hy@pagecounter=\count292
(/Users/juangabriel/Library/TinyTeX/texmf-dist/tex/latex/hyperref/pd1enc.def
File: pd1enc.def 2021-06-07 v7.00m Hyperref: PDFDocEncoding definition (HO)
Now handling font encoding PD1 ...
... no UTF-8 mapping file for font encoding PD1
)
(/Users/juangabriel/Library/TinyTeX/texmf-dist/tex/latex/hyperref/hyperref-lang
patches.def
File: hyperref-langpatches.def 2021-06-07 v7.00m Hyperref: patches for babel la
nguages
) (/Users/juangabriel/Library/TinyTeX/texmf-dist/tex/generic/intcalc/intcalc.st
y
Package: intcalc 2019/12/15 v1.3 Expandable calculations with integers (HO)
)
(/Users/juangabriel/Library/TinyTeX/texmf-dist/tex/generic/etexcmds/etexcmds.st
y
Package: etexcmds 2019/12/15 v1.7 Avoid name clashes with e-TeX commands (HO)
)
\Hy@SavedSpaceFactor=\count293
(/Users/juangabriel/Library/TinyTeX/texmf-dist/tex/latex/hyperref/puenc.def
File: puenc.def 2021-06-07 v7.00m Hyperref: PDF Unicode definition (HO)
Now handling font encoding PU ...
... no UTF-8 mapping file for font encoding PU
)
Package hyperref Info: Option `unicode' set `true' on input line 4073.
Package hyperref Info: Option `bookmarks' set `true' on input line 4073.
Package hyperref Info: Option `bookmarksopen' set `true' on input line 4073.
Package hyperref Info: Option `implicit' set `false' on input line 4073.
Package hyperref Info: Hyper figures OFF on input line 4192.
Package hyperref Info: Link nesting OFF on input line 4197.
Package hyperref Info: Hyper index ON on input line 4200.
Package hyperref Info: Plain pages OFF on input line 4207.
Package hyperref Info: Backreferencing OFF on input line 4212.
Package hyperref Info: Implicit mode OFF; no redefinition of LaTeX internals.
Package hyperref Info: Bookmarks ON on input line 4445.
\c@Hy@tempcnt=\count294
(/Users/juangabriel/Library/TinyTeX/texmf-dist/tex/latex/url/url.sty
\Urlmuskip=\muskip16
Package: url 2013/09/16  ver 3.4  Verb mode for urls, etc.
)
LaTeX Info: Redefining \url on input line 4804.
\XeTeXLinkMargin=\dimen258
(/Users/juangabriel/Library/TinyTeX/texmf-dist/tex/generic/bitset/bitset.sty
Package: bitset 2019/12/09 v1.3 Handle bit-vector datatype (HO)

(/Users/juangabriel/Library/TinyTeX/texmf-dist/tex/generic/bigintcalc/bigintcal
c.sty
Package: bigintcalc 2019/12/15 v1.5 Expandable calculations on big integers (HO
)
))
\Fld@menulength=\count295
\Field@Width=\dimen259
\Fld@charsize=\dimen260
Package hyperref Info: Hyper figures OFF on input line 6076.
Package hyperref Info: Link nesting OFF on input line 6081.
Package hyperref Info: Hyper index ON on input line 6084.
Package hyperref Info: backreferencing OFF on input line 6091.
Package hyperref Info: Link coloring OFF on input line 6096.
Package hyperref Info: Link coloring with OCG OFF on input line 6101.
Package hyperref Info: PDF/A mode OFF on input line 6106.
LaTeX Info: Redefining \ref on input line 6146.
LaTeX Info: Redefining \pageref on input line 6150.
\Hy@abspage=\count296

Package hyperref Message: Stopped early.

)
Package hyperref Info: Driver (autodetected): hpdftex.
(/Users/juangabriel/Library/TinyTeX/texmf-dist/tex/latex/hyperref/hpdftex.def
File: hpdftex.def 2021-06-07 v7.00m Hyperref driver for pdfTeX

(/Users/juangabriel/Library/TinyTeX/texmf-dist/tex/latex/base/atveryend-ltx.sty
Package: atveryend-ltx 2020/08/19 v1.0a Emulation of the original atveryend pac
kage
with kernel methods
)
\Fld@listcount=\count297
\c@bookmark@seq@number=\count298

(/Users/juangabriel/Library/TinyTeX/texmf-dist/tex/latex/rerunfilecheck/rerunfi
lecheck.sty
Package: rerunfilecheck 2019/12/05 v1.9 Rerun checks for auxiliary files (HO)

(/Users/juangabriel/Library/TinyTeX/texmf-dist/tex/generic/uniquecounter/unique
counter.sty
Package: uniquecounter 2019/12/15 v1.4 Provide unlimited unique counter (HO)
)
Package uniquecounter Info: New unique counter `rerunfilecheck' on input line 2
86.
))
(/Users/juangabriel/Library/TinyTeX/texmf-dist/tex/latex/beamer/beamerbaserequi
res.sty
(/Users/juangabriel/Library/TinyTeX/texmf-dist/tex/latex/beamer/beamerbasecompa
tibility.sty)
(/Users/juangabriel/Library/TinyTeX/texmf-dist/tex/latex/beamer/beamerbasefont.
sty (/Users/juangabriel/Library/TinyTeX/texmf-dist/tex/latex/amsfonts/amssymb.s
ty
Package: amssymb 2013/01/14 v3.01 AMS font symbols
(/Users/juangabriel/Library/TinyTeX/texmf-dist/tex/latex/amsfonts/amsfonts.sty
Package: amsfonts 2013/01/14 v3.01 Basic AMSFonts support
\@emptytoks=\toks28
\symAMSa=\mathgroup4
\symAMSb=\mathgroup5
LaTeX Font Info:    Redeclaring math symbol \hbar on input line 98.
LaTeX Font Info:    Overwriting math alphabet `\mathfrak' in version `bold'
(Font)                  U/euf/m/n --> U/euf/b/n on input line 106.
)))
(/Users/juangabriel/Library/TinyTeX/texmf-dist/tex/latex/beamer/beamerbasetrans
lator.sty
(/Users/juangabriel/Library/TinyTeX/texmf-dist/tex/latex/translator/translator.
sty
Package: translator 2021-05-31 v1.12d Easy translation of strings in LaTeX
))
(/Users/juangabriel/Library/TinyTeX/texmf-dist/tex/latex/beamer/beamerbasemisc.
sty)
(/Users/juangabriel/Library/TinyTeX/texmf-dist/tex/latex/beamer/beamerbasetwosc
reens.sty)
(/Users/juangabriel/Library/TinyTeX/texmf-dist/tex/latex/beamer/beamerbaseoverl
ay.sty
\beamer@argscount=\count299
\beamer@lastskipcover=\skip50
\beamer@trivlistdepth=\count300
)
(/Users/juangabriel/Library/TinyTeX/texmf-dist/tex/latex/beamer/beamerbasetitle
.sty)
(/Users/juangabriel/Library/TinyTeX/texmf-dist/tex/latex/beamer/beamerbasesecti
on.sty
\c@lecture=\count301
\c@part=\count302
\c@section=\count303
\c@subsection=\count304
\c@subsubsection=\count305
)
(/Users/juangabriel/Library/TinyTeX/texmf-dist/tex/latex/beamer/beamerbaseframe
.sty
\beamer@framebox=\box65
\beamer@frametitlebox=\box66
\beamer@zoombox=\box67
\beamer@zoomcount=\count306
\beamer@zoomframecount=\count307
\beamer@frametextheight=\dimen261
\c@subsectionslide=\count308
\beamer@frametopskip=\skip51
\beamer@framebottomskip=\skip52
\beamer@frametopskipautobreak=\skip53
\beamer@framebottomskipautobreak=\skip54
\beamer@envbody=\toks29
\framewidth=\dimen262
\c@framenumber=\count309
)
(/Users/juangabriel/Library/TinyTeX/texmf-dist/tex/latex/beamer/beamerbaseverba
tim.sty
\beamer@verbatimfileout=\write4
)
(/Users/juangabriel/Library/TinyTeX/texmf-dist/tex/latex/beamer/beamerbaseframe
size.sty
\beamer@splitbox=\box68
\beamer@autobreakcount=\count310
\beamer@autobreaklastheight=\dimen263
\beamer@frametitletoks=\toks30
\beamer@framesubtitletoks=\toks31
)
(/Users/juangabriel/Library/TinyTeX/texmf-dist/tex/latex/beamer/beamerbaseframe
components.sty
\beamer@footins=\box69
)
(/Users/juangabriel/Library/TinyTeX/texmf-dist/tex/latex/beamer/beamerbasecolor
.sty)
(/Users/juangabriel/Library/TinyTeX/texmf-dist/tex/latex/beamer/beamerbasenotes
.sty
\beamer@frameboxcopy=\box70
)
(/Users/juangabriel/Library/TinyTeX/texmf-dist/tex/latex/beamer/beamerbasetoc.s
ty)
(/Users/juangabriel/Library/TinyTeX/texmf-dist/tex/latex/beamer/beamerbasetempl
ates.sty
\beamer@sbttoks=\toks32

(/Users/juangabriel/Library/TinyTeX/texmf-dist/tex/latex/beamer/beamerbaseauxte
mplates.sty
(/Users/juangabriel/Library/TinyTeX/texmf-dist/tex/latex/beamer/beamerbaseboxes
.sty
\bmb@box=\box71
\bmb@colorbox=\box72
\bmb@boxwidth=\dimen264
\bmb@boxheight=\dimen265
\bmb@prevheight=\dimen266
\bmb@temp=\dimen267
\bmb@dima=\dimen268
\bmb@dimb=\dimen269
\bmb@prevheight=\dimen270
)
\beamer@blockheadheight=\dimen271
))
(/Users/juangabriel/Library/TinyTeX/texmf-dist/tex/latex/beamer/beamerbaselocal
structure.sty (/Users/juangabriel/Library/TinyTeX/texmf-dist/tex/latex/tools/en
umerate.sty
Package: enumerate 2015/07/23 v3.00 enumerate extensions (DPC)
\@enLab=\toks33
)
\beamer@bibiconwidth=\skip55
\c@figure=\count311
\c@table=\count312
\abovecaptionskip=\skip56
\belowcaptionskip=\skip57
)
(/Users/juangabriel/Library/TinyTeX/texmf-dist/tex/latex/beamer/beamerbasenavig
ation.sty
\beamer@section@min@dim=\dimen272
)
(/Users/juangabriel/Library/TinyTeX/texmf-dist/tex/latex/beamer/beamerbasetheor
ems.sty (/Users/juangabriel/Library/TinyTeX/texmf-dist/tex/latex/amsmath/amsmat
h.sty
Package: amsmath 2021/10/15 v2.17l AMS math features
\@mathmargin=\skip58
For additional information on amsmath, use the `?' option.
(/Users/juangabriel/Library/TinyTeX/texmf-dist/tex/latex/amsmath/amstext.sty
Package: amstext 2021/08/26 v2.01 AMS text
(/Users/juangabriel/Library/TinyTeX/texmf-dist/tex/latex/amsmath/amsgen.sty
File: amsgen.sty 1999/11/30 v2.0 generic functions
\@emptytoks=\toks34
\ex@=\dimen273
)) (/Users/juangabriel/Library/TinyTeX/texmf-dist/tex/latex/amsmath/amsbsy.sty
Package: amsbsy 1999/11/29 v1.2d Bold Symbols
\pmbraise@=\dimen274
) (/Users/juangabriel/Library/TinyTeX/texmf-dist/tex/latex/amsmath/amsopn.sty
Package: amsopn 2021/08/26 v2.02 operator names
)
\inf@bad=\count313
LaTeX Info: Redefining \frac on input line 234.
\uproot@=\count314
\leftroot@=\count315
LaTeX Info: Redefining \overline on input line 399.
\classnum@=\count316
\DOTSCASE@=\count317
LaTeX Info: Redefining \ldots on input line 496.
LaTeX Info: Redefining \dots on input line 499.
LaTeX Info: Redefining \cdots on input line 620.
\Mathstrutbox@=\box73
\strutbox@=\box74
\big@size=\dimen275
LaTeX Font Info:    Redeclaring font encoding OML on input line 743.
LaTeX Font Info:    Redeclaring font encoding OMS on input line 744.
\macc@depth=\count318
\c@MaxMatrixCols=\count319
\dotsspace@=\muskip17
\c@parentequation=\count320
\dspbrk@lvl=\count321
\tag@help=\toks35
\row@=\count322
\column@=\count323
\maxfields@=\count324
\andhelp@=\toks36
\eqnshift@=\dimen276
\alignsep@=\dimen277
\tagshift@=\dimen278
\tagwidth@=\dimen279
\totwidth@=\dimen280
\lineht@=\dimen281
\@envbody=\toks37
\multlinegap=\skip59
\multlinetaggap=\skip60
\mathdisplay@stack=\toks38
LaTeX Info: Redefining \[ on input line 2938.
LaTeX Info: Redefining \] on input line 2939.
) (/Users/juangabriel/Library/TinyTeX/texmf-dist/tex/latex/amscls/amsthm.sty
Package: amsthm 2020/05/29 v2.20.6
\thm@style=\toks39
\thm@bodyfont=\toks40
\thm@headfont=\toks41
\thm@notefont=\toks42
\thm@headpunct=\toks43
\thm@preskip=\skip61
\thm@postskip=\skip62
\thm@headsep=\skip63
\dth@everypar=\toks44
)
\c@theorem=\count325
)
(/Users/juangabriel/Library/TinyTeX/texmf-dist/tex/latex/beamer/beamerbasetheme
s.sty))
(/Users/juangabriel/Library/TinyTeX/texmf-dist/tex/latex/beamer/beamerthemedefa
ult.sty
(/Users/juangabriel/Library/TinyTeX/texmf-dist/tex/latex/beamer/beamerfonttheme
default.sty)
(/Users/juangabriel/Library/TinyTeX/texmf-dist/tex/latex/beamer/beamercolorthem
edefault.sty)
(/Users/juangabriel/Library/TinyTeX/texmf-dist/tex/latex/beamer/beamerinnerthem
edefault.sty
\beamer@dima=\dimen282
\beamer@dimb=\dimen283
)
(/Users/juangabriel/Library/TinyTeX/texmf-dist/tex/latex/beamer/beamerouterthem
edefault.sty)))
(/Users/juangabriel/Library/TinyTeX/texmf-dist/tex/latex/pgf/utilities/pgfpages
.sty
Package: pgfpages 2011/01/05 ver 0.02
(/Users/juangabriel/Library/TinyTeX/texmf-dist/tex/latex/tools/calc.sty
Package: calc 2017/05/25 v4.3 Infix arithmetic (KKT,FJ)
\calc@Acount=\count326
\calc@Bcount=\count327
\calc@Adimen=\dimen284
\calc@Bdimen=\dimen285
\calc@Askip=\skip64
\calc@Bskip=\skip65
LaTeX Info: Redefining \setlength on input line 80.
LaTeX Info: Redefining \addtolength on input line 81.
\calc@Ccount=\count328
\calc@Cskip=\skip66
)
\pgf@logicalpages=\count329
\pgf@firstshipout=\count330
\pgf@lastshipout=\count331
\pgf@currentshipout=\count332
\pgf@cpn=\count333
\pgf@shipoutnextto=\count334
\pgfphysicalheight=\dimen286
\pgfphysicalwidth=\dimen287
\pgfpages@shipoutbox=\box75
) (/Users/juangabriel/Library/TinyTeX/texmf-dist/tex/latex/lm/lmodern.sty
Package: lmodern 2015/05/01 v1.6.1 Latin Modern Fonts
LaTeX Font Info:    Overwriting symbol font `operators' in version `normal'
(Font)                  OT1/cmr/m/n --> OT1/lmr/m/n on input line 22.
LaTeX Font Info:    Overwriting symbol font `letters' in version `normal'
(Font)                  OML/cmm/m/it --> OML/lmm/m/it on input line 23.
LaTeX Font Info:    Overwriting symbol font `symbols' in version `normal'
(Font)                  OMS/cmsy/m/n --> OMS/lmsy/m/n on input line 24.
LaTeX Font Info:    Overwriting symbol font `largesymbols' in version `normal'
(Font)                  OMX/cmex/m/n --> OMX/lmex/m/n on input line 25.
LaTeX Font Info:    Overwriting symbol font `operators' in version `bold'
(Font)                  OT1/cmr/bx/n --> OT1/lmr/bx/n on input line 26.
LaTeX Font Info:    Overwriting symbol font `letters' in version `bold'
(Font)                  OML/cmm/b/it --> OML/lmm/b/it on input line 27.
LaTeX Font Info:    Overwriting symbol font `symbols' in version `bold'
(Font)                  OMS/cmsy/b/n --> OMS/lmsy/b/n on input line 28.
LaTeX Font Info:    Overwriting symbol font `largesymbols' in version `bold'
(Font)                  OMX/cmex/m/n --> OMX/lmex/m/n on input line 29.
LaTeX Font Info:    Overwriting math alphabet `\mathbf' in version `normal'
(Font)                  OT1/cmr/bx/n --> OT1/lmr/bx/n on input line 31.
LaTeX Font Info:    Overwriting math alphabet `\mathsf' in version `normal'
(Font)                  OT1/cmss/m/n --> OT1/lmss/m/n on input line 32.
LaTeX Font Info:    Overwriting math alphabet `\mathit' in version `normal'
(Font)                  OT1/cmr/m/it --> OT1/lmr/m/it on input line 33.
LaTeX Font Info:    Overwriting math alphabet `\mathtt' in version `normal'
(Font)                  OT1/cmtt/m/n --> OT1/lmtt/m/n on input line 34.
LaTeX Font Info:    Overwriting math alphabet `\mathbf' in version `bold'
(Font)                  OT1/cmr/bx/n --> OT1/lmr/bx/n on input line 35.
LaTeX Font Info:    Overwriting math alphabet `\mathsf' in version `bold'
(Font)                  OT1/cmss/bx/n --> OT1/lmss/bx/n on input line 36.
LaTeX Font Info:    Overwriting math alphabet `\mathit' in version `bold'
(Font)                  OT1/cmr/bx/it --> OT1/lmr/bx/it on input line 37.
LaTeX Font Info:    Overwriting math alphabet `\mathtt' in version `bold'
(Font)                  OT1/cmtt/m/n --> OT1/lmtt/m/n on input line 38.
) (/Users/juangabriel/Library/TinyTeX/texmf-dist/tex/latex/base/fontenc.sty
Package: fontenc 2021/04/29 v2.0v Standard LaTeX package
LaTeX Font Info:    Trying to load font information for T1+lmss on input line 1
12.
(/Users/juangabriel/Library/TinyTeX/texmf-dist/tex/latex/lm/t1lmss.fd
File: t1lmss.fd 2015/05/01 v1.6.1 Font defs for Latin Modern
)) (/Users/juangabriel/Library/TinyTeX/texmf-dist/tex/latex/base/inputenc.sty
Package: inputenc 2021/02/14 v1.3d Input encoding file
\inpenc@prehook=\toks45
\inpenc@posthook=\toks46
) (/Users/juangabriel/Library/TinyTeX/texmf-dist/tex/latex/base/textcomp.sty
Package: textcomp 2020/02/02 v2.0n Standard LaTeX package
)
(/Users/juangabriel/Library/TinyTeX/texmf-dist/tex/latex/beamer/beamerthemeRoch
ester.sty
(/Users/juangabriel/Library/TinyTeX/texmf-dist/tex/latex/beamer/beamerouterthem
esidebar.sty
\beamer@sidebarwidth=\dimen288
\beamer@headheight=\dimen289
)
(/Users/juangabriel/Library/TinyTeX/texmf-dist/tex/latex/beamer/beamerinnerthem
erectangles.sty)
(/Users/juangabriel/Library/TinyTeX/texmf-dist/tex/latex/beamer/beamercolorthem
ewhale.sty)
(/Users/juangabriel/Library/TinyTeX/texmf-dist/tex/latex/beamer/beamercolorthem
eorchid.sty)) (/Users/juangabriel/Library/TinyTeX/texmf-dist/tex/latex/fancyvrb
/fancyvrb.sty
Package: fancyvrb 2021/10/15 v3.9 verbatim text (tvz,hv)
\FV@CodeLineNo=\count335
\FV@InFile=\read3
\FV@TabBox=\box76
\c@FancyVerbLine=\count336
\FV@StepNumber=\count337
\FV@OutFile=\write5
) (/Users/juangabriel/Library/TinyTeX/texmf-dist/tex/latex/framed/framed.sty
Package: framed 2011/10/22 v 0.96: framed or shaded text with page breaks
\OuterFrameSep=\skip67
\fb@frw=\dimen290
\fb@frh=\dimen291
\FrameRule=\dimen292
\FrameSep=\dimen293
) (/Users/juangabriel/Library/TinyTeX/texmf-dist/tex/latex/tools/array.sty
Package: array 2021/10/04 v2.5f Tabular extension package (FMi)
\col@sep=\dimen294
\ar@mcellbox=\box77
\extrarowheight=\dimen295
\NC@list=\toks47
\extratabsurround=\skip68
\backup@length=\skip69
\ar@cellbox=\box78
) (/Users/juangabriel/Library/TinyTeX/texmf-dist/tex/latex/booktabs/booktabs.st
y
Package: booktabs 2020/01/12 v1.61803398 Publication quality tables
\heavyrulewidth=\dimen296
\lightrulewidth=\dimen297
\cmidrulewidth=\dimen298
\belowrulesep=\dimen299
\belowbottomsep=\dimen300
\aboverulesep=\dimen301
\abovetopsep=\dimen302
\cmidrulesep=\dimen303
\cmidrulekern=\dimen304
\defaultaddspace=\dimen305
\@cmidla=\count338
\@cmidlb=\count339
\@aboverulesep=\dimen306
\@belowrulesep=\dimen307
\@thisruleclass=\count340
\@lastruleclass=\count341
\@thisrulewidth=\dimen308
)
(/Users/juangabriel/Library/TinyTeX/texmf-dist/tex/latex/algorithm2e/algorithm2
e.sty
Package: algorithm2e 2017/07/18 v5.2 algorithms environments
\c@AlgoLine=\count342
(/Users/juangabriel/Library/TinyTeX/texmf-dist/tex/latex/base/ifthen.sty
Package: ifthen 2020/11/24 v1.1c Standard LaTeX ifthen package (DPC)
)
\algocf@hangindent=\skip70

(/Users/juangabriel/Library/TinyTeX/texmf-dist/tex/latex/ifoddpage/ifoddpage.st
y
Package: ifoddpage 2016/04/23 v1.1 Conditionals for odd/even page detection
\c@checkoddpage=\count343
) (/Users/juangabriel/Library/TinyTeX/texmf-dist/tex/latex/tools/xspace.sty
Package: xspace 2014/10/28 v1.13 Space after command names (DPC,MH)
) (/Users/juangabriel/Library/TinyTeX/texmf-dist/tex/latex/relsize/relsize.sty
Package: relsize 2013/03/29 ver 4.1
)
\skiptotal=\skip71
\skiplinenumber=\skip72
\skiprule=\skip73
\skiphlne=\skip74
\skiptext=\skip75
\skiplength=\skip76
\algomargin=\skip77
\skipalgocfslide=\skip78
\algowidth=\dimen309
\inoutsize=\dimen310
\inoutindent=\dimen311
\interspacetitleruled=\dimen312
\interspacealgoruled=\dimen313
\interspacetitleboxruled=\dimen314
\algocf@ruledwidth=\skip79
\algocf@inoutbox=\box79
\algocf@inputbox=\box80
\AlCapSkip=\skip80
\AlCapHSkip=\skip81
\algoskipindent=\skip82
\algocf@nlbox=\box81
\algocf@hangingbox=\box82
\algocf@untilbox=\box83
\algocf@skipuntil=\skip83
\algocf@capbox=\box84
\algocf@lcaptionbox=\skip84
\algoheightruledefault=\skip85
\algoheightrule=\skip86
\algotitleheightruledefault=\skip87
\algotitleheightrule=\skip88
\c@algocfline=\count344
\c@algocfproc=\count345
\c@algocf=\count346
\algocf@algoframe=\box85
\algocf@algobox=\box86
) (/Users/juangabriel/Library/TinyTeX/texmf-dist/tex/generic/babel/babel.sty
Package: babel 2021/11/08 3.66 The Babel package
\babel@savecnt=\count347
\U@D=\dimen315
\l@unhyphenated=\language3
(/Users/juangabriel/Library/TinyTeX/texmf-dist/tex/generic/babel/txtbabel.def)
\bbl@readstream=\read4
LaTeX Info: Redefining \textlatin on input line 3944.
\bbl@dirlevel=\count348

(/Users/juangabriel/Library/TinyTeX/texmf-dist/tex/generic/babel-spanish/spanis
h.ldf
Language: spanish.ldf 2021/05/27 v5.0q Spanish support from the babel system

Package babel Warning: No hyphenation patterns were preloaded for
(babel)                the language 'Spanish' into the format.
(babel)                Please, configure your TeX system to add them and
(babel)                rebuild the format. Now I will use the patterns
(babel)                preloaded for \language=0 instead on input line 51.

Package babel Info: Hyphen rules for 'spanish' set to \l@english
(babel)             (\language0). Reported on input line 52.
\es@quottoks=\toks48
\es@quotdepth=\count349
Package babel Info: Making " an active character on input line 570.
Package babel Info: Making . an active character on input line 675.
Package babel Info: Making < an active character on input line 722.
Package babel Info: Making > an active character on input line 722.
)
(/Users/juangabriel/Library/TinyTeX/texmf-dist/tex/generic/babel-spanish/spanis
h.ldf
Language: spanish.ldf 2021/05/27 v5.0q Spanish support from the babel system
))
(/Users/juangabriel/Library/TinyTeX/texmf-dist/tex/latex/l3backend/l3backend-pd
ftex.def
File: l3backend-pdftex.def 2021-10-18 L3 backend support: PDF output (pdfTeX)
\l__color_backend_stack_int=\count350
\l__pdf_internal_box=\box87
) (./introducción_estadística_multivariante.aux
LaTeX Info: Redefining \. on input line 26.
LaTeX Info: Redefining \% on input line 26.
)
\openout1 = `introducción_estadística_multivariante.aux'.

LaTeX Font Info:    Checking defaults for OML/cmm/m/it on input line 154.
LaTeX Font Info:    ... okay on input line 154.
LaTeX Font Info:    Checking defaults for OMS/cmsy/m/n on input line 154.
LaTeX Font Info:    ... okay on input line 154.
LaTeX Font Info:    Checking defaults for OT1/cmr/m/n on input line 154.
LaTeX Font Info:    ... okay on input line 154.
LaTeX Font Info:    Checking defaults for T1/cmr/m/n on input line 154.
LaTeX Font Info:    ... okay on input line 154.
LaTeX Font Info:    Checking defaults for TS1/cmr/m/n on input line 154.
LaTeX Font Info:    ... okay on input line 154.
LaTeX Font Info:    Checking defaults for OMX/cmex/m/n on input line 154.
LaTeX Font Info:    ... okay on input line 154.
LaTeX Font Info:    Checking defaults for U/cmr/m/n on input line 154.
LaTeX Font Info:    ... okay on input line 154.
LaTeX Font Info:    Checking defaults for PD1/pdf/m/n on input line 154.
LaTeX Font Info:    ... okay on input line 154.
LaTeX Font Info:    Checking defaults for PU/pdf/m/n on input line 154.
LaTeX Font Info:    ... okay on input line 154.
*geometry* driver: auto-detecting
*geometry* detected driver: pdftex
*geometry* verbose mode - [ preamble ] result:
* driver: pdftex
* paper: custom
* layout: <same size as paper>
* layoutoffset:(h,v)=(0.0pt,0.0pt)
* modes: includehead includefoot 
* h-part:(L,W,R)=(28.45274pt, 307.28987pt, 28.45274pt)
* v-part:(T,H,B)=(0.0pt, 273.14662pt, 0.0pt)
* \paperwidth=364.19536pt
* \paperheight=273.14662pt
* \textwidth=307.28987pt
* \textheight=244.6939pt
* \oddsidemargin=-43.81725pt
* \evensidemargin=-43.81725pt
* \topmargin=-72.26999pt
* \headheight=14.22636pt
* \headsep=0.0pt
* \topskip=11.0pt
* \footskip=14.22636pt
* \marginparwidth=4.0pt
* \marginparsep=10.0pt
* \columnsep=10.0pt
* \skip\footins=10.0pt plus 4.0pt minus 2.0pt
* \hoffset=0.0pt
* \voffset=0.0pt
* \mag=1000
* \@twocolumnfalse
* \@twosidefalse
* \@mparswitchfalse
* \@reversemarginfalse
* (1in=72.27pt=25.4mm, 1cm=28.453pt)


(/Users/juangabriel/Library/TinyTeX/texmf-dist/tex/latex/epstopdf-pkg/epstopdf-
base.sty
Package: epstopdf-base 2020-01-24 v2.11 Base part for package epstopdf
(/Users/juangabriel/Library/TinyTeX/texmf-dist/tex/latex/grfext/grfext.sty
Package: grfext 2019/12/03 v1.3 Manage graphics extensions (HO)
)
Package epstopdf-base Info: Redefining graphics rule for `.eps' on input line 4
85.
Package grfext Info: Graphics extension search list:
(grfext)             [.pdf,.png,.jpg,.mps,.jpeg,.jbig2,.jb2,.PDF,.PNG,.JPG,.JPE
G,.JBIG2,.JB2,.eps]
(grfext)             \AppendGraphicsExtensions on input line 504.

(/Users/juangabriel/Library/TinyTeX/texmf-dist/tex/latex/latexconfig/epstopdf-s
ys.cfg
File: epstopdf-sys.cfg 2010/07/13 v1.3 Configuration of (r)epstopdf for TeX Liv
e
))
Package hyperref Info: Link coloring OFF on input line 154.
(/Users/juangabriel/Library/TinyTeX/texmf-dist/tex/latex/hyperref/nameref.sty
Package: nameref 2021-04-02 v2.47 Cross-referencing by name of section
(/Users/juangabriel/Library/TinyTeX/texmf-dist/tex/latex/refcount/refcount.sty
Package: refcount 2019/12/15 v3.6 Data extraction from label references (HO)
)
(/Users/juangabriel/Library/TinyTeX/texmf-dist/tex/generic/gettitlestring/getti
tlestring.sty
Package: gettitlestring 2019/12/15 v1.6 Cleanup title references (HO)
)
\c@section@level=\count351
)
LaTeX Info: Redefining \ref on input line 154.
LaTeX Info: Redefining \pageref on input line 154.
LaTeX Info: Redefining \nameref on input line 154.
(./introducción_estadística_multivariante.out) (./introducción_estadística_
multivariante.out)
\@outlinefile=\write6
\openout6 = `introducción_estadística_multivariante.out'.

LaTeX Font Info:    Overwriting symbol font `operators' in version `normal'
(Font)                  OT1/lmr/m/n --> OT1/cmss/m/n on input line 154.
LaTeX Font Info:    Overwriting symbol font `operators' in version `bold'
(Font)                  OT1/lmr/bx/n --> OT1/cmss/b/n on input line 154.
LaTeX Font Info:    Overwriting symbol font `operators' in version `normal'
(Font)                  OT1/cmss/m/n --> OT1/lmss/m/n on input line 154.
LaTeX Font Info:    Overwriting symbol font `operators' in version `bold'
(Font)                  OT1/cmss/b/n --> OT1/lmss/b/n on input line 154.
\symnumbers=\mathgroup6
\sympureletters=\mathgroup7
LaTeX Font Info:    Overwriting math alphabet `\mathrm' in version `normal'
(Font)                  OT1/lmss/m/n --> T1/lmr/m/n on input line 154.
LaTeX Font Info:    Redeclaring math alphabet \mathbf on input line 154.
LaTeX Font Info:    Overwriting math alphabet `\mathbf' in version `normal'
(Font)                  OT1/lmr/bx/n --> T1/lmss/b/n on input line 154.
LaTeX Font Info:    Overwriting math alphabet `\mathbf' in version `bold'
(Font)                  OT1/lmr/bx/n --> T1/lmss/b/n on input line 154.
LaTeX Font Info:    Redeclaring math alphabet \mathsf on input line 154.
LaTeX Font Info:    Overwriting math alphabet `\mathsf' in version `normal'
(Font)                  OT1/lmss/m/n --> T1/lmss/m/n on input line 154.
LaTeX Font Info:    Overwriting math alphabet `\mathsf' in version `bold'
(Font)                  OT1/lmss/bx/n --> T1/lmss/m/n on input line 154.
LaTeX Font Info:    Redeclaring math alphabet \mathit on input line 154.
LaTeX Font Info:    Overwriting math alphabet `\mathit' in version `normal'
(Font)                  OT1/lmr/m/it --> T1/lmss/m/it on input line 154.
LaTeX Font Info:    Overwriting math alphabet `\mathit' in version `bold'
(Font)                  OT1/lmr/bx/it --> T1/lmss/m/it on input line 154.
LaTeX Font Info:    Redeclaring math alphabet \mathtt on input line 154.
LaTeX Font Info:    Overwriting math alphabet `\mathtt' in version `normal'
(Font)                  OT1/lmtt/m/n --> T1/lmtt/m/n on input line 154.
LaTeX Font Info:    Overwriting math alphabet `\mathtt' in version `bold'
(Font)                  OT1/lmtt/m/n --> T1/lmtt/m/n on input line 154.
LaTeX Font Info:    Overwriting symbol font `numbers' in version `bold'
(Font)                  T1/lmss/m/n --> T1/lmss/b/n on input line 154.
LaTeX Font Info:    Overwriting symbol font `pureletters' in version `bold'
(Font)                  T1/lmss/m/it --> T1/lmss/b/it on input line 154.
LaTeX Font Info:    Overwriting math alphabet `\mathrm' in version `bold'
(Font)                  OT1/lmss/b/n --> T1/lmr/b/n on input line 154.
LaTeX Font Info:    Overwriting math alphabet `\mathbf' in version `bold'
(Font)                  T1/lmss/b/n --> T1/lmss/b/n on input line 154.
LaTeX Font Info:    Overwriting math alphabet `\mathsf' in version `bold'
(Font)                  T1/lmss/m/n --> T1/lmss/b/n on input line 154.
LaTeX Font Info:    Overwriting math alphabet `\mathit' in version `bold'
(Font)                  T1/lmss/m/it --> T1/lmss/b/it on input line 154.
LaTeX Font Info:    Overwriting math alphabet `\mathtt' in version `bold'
(Font)                  T1/lmtt/m/n --> T1/lmtt/b/n on input line 154.

(/Users/juangabriel/Library/TinyTeX/texmf-dist/tex/latex/translator/translator-
basic-dictionary-English.dict
Dictionary: translator-basic-dictionary, Language: English 
)
(/Users/juangabriel/Library/TinyTeX/texmf-dist/tex/latex/translator/translator-
basic-dictionary-Spanish.dict
Dictionary: translator-basic-dictionary, Language: Spanish 
)
(/Users/juangabriel/Library/TinyTeX/texmf-dist/tex/latex/translator/translator-
bibliography-dictionary-English.dict
Dictionary: translator-bibliography-dictionary, Language: English 
)
(/Users/juangabriel/Library/TinyTeX/texmf-dist/tex/latex/translator/translator-
bibliography-dictionary-Spanish.dict
Dictionary: translator-bibliography-dictionary, Language: Spanish 
)
(/Users/juangabriel/Library/TinyTeX/texmf-dist/tex/latex/translator/translator-
environment-dictionary-English.dict
Dictionary: translator-environment-dictionary, Language: English 
)
(/Users/juangabriel/Library/TinyTeX/texmf-dist/tex/latex/translator/translator-
environment-dictionary-Spanish.dict
Dictionary: translator-environment-dictionary, Language: Spanish 
)
(/Users/juangabriel/Library/TinyTeX/texmf-dist/tex/latex/translator/translator-
months-dictionary-English.dict
Dictionary: translator-months-dictionary, Language: English 
)
(/Users/juangabriel/Library/TinyTeX/texmf-dist/tex/latex/translator/translator-
months-dictionary-Spanish.dict
Dictionary: translator-months-dictionary, Language: Spanish 
)
(/Users/juangabriel/Library/TinyTeX/texmf-dist/tex/latex/translator/translator-
numbers-dictionary-English.dict
Dictionary: translator-numbers-dictionary, Language: English 
)
(/Users/juangabriel/Library/TinyTeX/texmf-dist/tex/latex/translator/translator-
numbers-dictionary-Spanish.dict
Dictionary: translator-numbers-dictionary, Language: Spanish 
)
(/Users/juangabriel/Library/TinyTeX/texmf-dist/tex/latex/translator/translator-
theorem-dictionary-English.dict
Dictionary: translator-theorem-dictionary, Language: English 
)
(/Users/juangabriel/Library/TinyTeX/texmf-dist/tex/latex/translator/translator-
theorem-dictionary-Spanish.dict
Dictionary: translator-theorem-dictionary, Language: Spanish 
)
LaTeX Info: Redefining \. on input line 154.
LaTeX Info: Redefining \% on input line 154.
(./introducción_estadística_multivariante.nav) [1

{/Users/juangabriel/Library/TinyTeX/texmf-var/fonts/map/pdftex/updmap/pdftex.ma
p}] [2

]
LaTeX Font Info:    Trying to load font information for OT1+lmss on input line 
177.
(/Users/juangabriel/Library/TinyTeX/texmf-dist/tex/latex/lm/ot1lmss.fd
File: ot1lmss.fd 2015/05/01 v1.6.1 Font defs for Latin Modern
)
LaTeX Font Info:    Trying to load font information for OML+lmm on input line 1
77.
(/Users/juangabriel/Library/TinyTeX/texmf-dist/tex/latex/lm/omllmm.fd
File: omllmm.fd 2015/05/01 v1.6.1 Font defs for Latin Modern
)
LaTeX Font Info:    Trying to load font information for OMS+lmsy on input line 
177.
(/Users/juangabriel/Library/TinyTeX/texmf-dist/tex/latex/lm/omslmsy.fd
File: omslmsy.fd 2015/05/01 v1.6.1 Font defs for Latin Modern
)
LaTeX Font Info:    Trying to load font information for OMX+lmex on input line 
177.
(/Users/juangabriel/Library/TinyTeX/texmf-dist/tex/latex/lm/omxlmex.fd
File: omxlmex.fd 2015/05/01 v1.6.1 Font defs for Latin Modern
)
LaTeX Font Info:    External font `lmex10' loaded for size
(Font)              <10.95> on input line 177.
LaTeX Font Info:    External font `lmex10' loaded for size
(Font)              <8> on input line 177.
LaTeX Font Info:    External font `lmex10' loaded for size
(Font)              <6> on input line 177.
LaTeX Font Info:    Trying to load font information for U+msa on input line 177
.
(/Users/juangabriel/Library/TinyTeX/texmf-dist/tex/latex/amsfonts/umsa.fd
File: umsa.fd 2013/01/14 v3.01 AMS symbols A
)
LaTeX Font Info:    Trying to load font information for U+msb on input line 177
.
(/Users/juangabriel/Library/TinyTeX/texmf-dist/tex/latex/amsfonts/umsb.fd
File: umsb.fd 2013/01/14 v3.01 AMS symbols B
)
LaTeX Font Info:    Font shape `T1/lmss/m/it' in size <10.95> not available
(Font)              Font shape `T1/lmss/m/sl' tried instead on input line 177.
LaTeX Font Info:    Font shape `T1/lmss/m/it' in size <8> not available
(Font)              Font shape `T1/lmss/m/sl' tried instead on input line 177.
LaTeX Font Info:    Font shape `T1/lmss/m/it' in size <6> not available
(Font)              Font shape `T1/lmss/m/sl' tried instead on input line 177.
[3

] [4

]
LaTeX Font Info:    Font shape `OT1/lmss/b/n' in size <10.95> not available
(Font)              Font shape `OT1/lmss/bx/n' tried instead on input line 221.

LaTeX Font Info:    Font shape `OT1/lmss/b/n' in size <8> not available
(Font)              Font shape `OT1/lmss/bx/n' tried instead on input line 221.

LaTeX Font Info:    Font shape `OT1/lmss/b/n' in size <6> not available
(Font)              Font shape `OT1/lmss/bx/n' tried instead on input line 221.

LaTeX Font Info:    Font shape `T1/lmss/b/n' in size <10.95> not available
(Font)              Font shape `T1/lmss/bx/n' tried instead on input line 221.
LaTeX Font Info:    Font shape `T1/lmss/b/n' in size <8> not available
(Font)              Font shape `T1/lmss/bx/n' tried instead on input line 221.
LaTeX Font Info:    Font shape `T1/lmss/b/n' in size <6> not available
(Font)              Font shape `T1/lmss/bx/n' tried instead on input line 221.
LaTeX Font Info:    Font shape `T1/lmss/b/it' in size <10.95> not available
(Font)              Font shape `T1/lmss/bx/it' tried instead on input line 221.

LaTeX Font Info:    Font shape `T1/lmss/bx/it' in size <10.95> not available
(Font)              Font shape `T1/lmss/bx/sl' tried instead on input line 221.

LaTeX Font Info:    Font shape `T1/lmss/b/it' in size <8> not available
(Font)              Font shape `T1/lmss/bx/it' tried instead on input line 221.

LaTeX Font Info:    Font shape `T1/lmss/bx/it' in size <8> not available
(Font)              Font shape `T1/lmss/bx/sl' tried instead on input line 221.

LaTeX Font Info:    Font shape `T1/lmss/b/it' in size <6> not available
(Font)              Font shape `T1/lmss/bx/it' tried instead on input line 221.

LaTeX Font Info:    Font shape `T1/lmss/bx/it' in size <6> not available
(Font)              Font shape `T1/lmss/bx/sl' tried instead on input line 221.

[5

] [6

] [7

]
LaTeX Font Info:    External font `lmex10' loaded for size
(Font)              <10> on input line 276.
LaTeX Font Info:    External font `lmex10' loaded for size
(Font)              <7> on input line 276.
LaTeX Font Info:    External font `lmex10' loaded for size
(Font)              <5> on input line 276.
LaTeX Font Info:    Font shape `T1/lmss/m/it' in size <10> not available
(Font)              Font shape `T1/lmss/m/sl' tried instead on input line 276.
LaTeX Font Info:    Font shape `T1/lmss/m/it' in size <7> not available
(Font)              Font shape `T1/lmss/m/sl' tried instead on input line 276.
LaTeX Font Info:    Font shape `T1/lmss/m/it' in size <5> not available
(Font)              Font shape `T1/lmss/m/sl' tried instead on input line 276.
[8

] [9

] [10

] [11

] [12

] [13

] [14

] [15

]
Overfull \vbox (0.32954pt too high) detected at line 410
 []

[16

] [17

] [18

]

LaTeX Font Warning: Command \scriptsize invalid in math mode on input line 478.


LaTeX Font Info:    Font shape `T1/lmss/b/n' in size <5> not available
(Font)              Font shape `T1/lmss/bx/n' tried instead on input line 478.

LaTeX Font Warning: Command \scriptsize invalid in math mode on input line 478.


[19

] [20

] [21

] [22

]
Overfull \hbox (18.42566pt too wide) in alignment at lines 557--557
 [][][] []
 []

[23

] [24

] [25

] [26

]
\openout4 = `introducción_estadística_multivariante.vrb'.

(./introducción_estadística_multivariante.vrb
LaTeX Font Info:    Trying to load font information for T1+lmtt on input line 6
.
(/Users/juangabriel/Library/TinyTeX/texmf-dist/tex/latex/lm/t1lmtt.fd
File: t1lmtt.fd 2015/05/01 v1.6.1 Font defs for Latin Modern
))
Overfull \vbox (84.57573pt too high) detected at line 660
 []

[27

] [28

] [29

] [30

] [31

] [32

] [33

] [34

] [35

] [36

]
Overfull \vbox (67.28416pt too high) detected at line 842
 []

[37

] [38

] [39

] [40

] [41

] [42

] [43

] [44

] [45

] [46

] [47

] [48

]
Overfull \hbox (1.43156pt too wide) detected at line 1075
[] \OT1/lmss/m/n/10.95 = [] = []
 []

[49

] [50

] [51

]
\openout4 = `introducción_estadística_multivariante.vrb'.

(./introducción_estadística_multivariante.vrb)
Overfull \vbox (139.39354pt too high) detected at line 1172
 []

[52

]
\openout4 = `introducción_estadística_multivariante.vrb'.

(./introducción_estadística_multivariante.vrb) [53

] [54

] [55

] [56

] [57

]
Overfull \hbox (30.55504pt too wide) in alignment at lines 1313--1313
 [][][] []
 []

[58

]
\openout4 = `introducción_estadística_multivariante.vrb'.

(./introducción_estadística_multivariante.vrb)
Overfull \vbox (44.31725pt too high) detected at line 1349
 []

[59

]
\openout4 = `introducción_estadística_multivariante.vrb'.

(./introducción_estadística_multivariante.vrb)
Overfull \vbox (158.5918pt too high) detected at line 1399
 []

[60

] [61

] [62

] [63

]
\openout4 = `introducción_estadística_multivariante.vrb'.

(./introducción_estadística_multivariante.vrb) [64

]
\openout4 = `introducción_estadística_multivariante.vrb'.

(./introducción_estadística_multivariante.vrb) [65

] [66

] [67

] [68

]

LaTeX Font Warning: Command \scriptsize invalid in math mode on input line 1592
.


Overfull \vbox (9.8522pt too high) detected at line 1592
 []

[69

] [70

] [71

]
\openout4 = `introducción_estadística_multivariante.vrb'.

(./introducción_estadística_multivariante.vrb) [72

]
\openout4 = `introducción_estadística_multivariante.vrb'.

(./introducción_estadística_multivariante.vrb) [73

]
\openout4 = `introducción_estadística_multivariante.vrb'.

(./introducción_estadística_multivariante.vrb)
Overfull \vbox (11.9464pt too high) detected at line 1716
 []

[74

] [75

] [76

] [77

] [78

] [79

]
\openout4 = `introducción_estadística_multivariante.vrb'.

(./introducción_estadística_multivariante.vrb) [80

] [81

] [82

] [83

]
\openout4 = `introducción_estadística_multivariante.vrb'.

(./introducción_estadística_multivariante.vrb)
Overfull \vbox (8.69527pt too high) detected at line 1994
 []

[84

]
\openout4 = `introducción_estadística_multivariante.vrb'.

(./introducción_estadística_multivariante.vrb) [85

] [86

] [87

] [88

] [89

] [90

]
\openout4 = `introducción_estadística_multivariante.vrb'.

(./introducción_estadística_multivariante.vrb) [91

] [92

] [93

] [94

] [95

]
Overfull \vbox (3.793pt too high) detected at line 2228
 []

[96

] [97

] [98

]
\openout4 = `introducción_estadística_multivariante.vrb'.

(./introducción_estadística_multivariante.vrb) [99

]
\openout4 = `introducción_estadística_multivariante.vrb'.

(./introducción_estadística_multivariante.vrb) [100

]
\openout4 = `introducción_estadística_multivariante.vrb'.

(./introducción_estadística_multivariante.vrb) [101

]
\openout4 = `introducción_estadística_multivariante.vrb'.

(./introducción_estadística_multivariante.vrb) [102

]
\openout4 = `introducción_estadística_multivariante.vrb'.

(./introducción_estadística_multivariante.vrb) [103

] [104

]
\tf@nav=\write7
\openout7 = `introducción_estadística_multivariante.nav'.

\tf@toc=\write8
\openout8 = `introducción_estadística_multivariante.toc'.

\tf@snm=\write9
\openout9 = `introducción_estadística_multivariante.snm'.

(./introducción_estadística_multivariante.aux
LaTeX Info: Redefining \. on input line 26.
LaTeX Info: Redefining \% on input line 26.
)
Package rerunfilecheck Info: File `introducción_estadística_multivariante.out
' has not changed.
(rerunfilecheck)             Checksum: 7E0379302044E07B4AA0CA1E45844690;354.
 ) 
Here is how much of TeX's memory you used:
 24973 strings out of 480477
 465977 string characters out of 5898168
 778374 words of memory out of 5000000
 41772 multiletter control sequences out of 15000+600000
 496253 words of font info for 92 fonts, out of 8000000 for 9000
 14 hyphenation exceptions out of 8191
 101i,15n,108p,552b,420s stack positions out of 5000i,500n,10000p,200000b,80000s
{/Users/juangabriel/Library/TinyTeX/texmf-dist/fonts/enc/dvips/lm/lm-ec.enc}{
/Users/juangabriel/Library/TinyTeX/texmf-dist/fonts/enc/dvips/lm/lm-mathsy.enc}
{/Users/juangabriel/Library/TinyTeX/texmf-dist/fonts/enc/dvips/lm/lm-rm.enc}{/U
sers/juangabriel/Library/TinyTeX/texmf-dist/fonts/enc/dvips/lm/lm-mathit.enc}{/
Users/juangabriel/Library/TinyTeX/texmf-dist/fonts/enc/dvips/lm/lm-mathex.enc}<
/Users/juangabriel/Library/TinyTeX/texmf-dist/fonts/type1/public/lm/lmex10.pfb>
</Users/juangabriel/Library/TinyTeX/texmf-dist/fonts/type1/public/lm/lmmi10.pfb
></Users/juangabriel/Library/TinyTeX/texmf-dist/fonts/type1/public/lm/lmmi8.pfb
></Users/juangabriel/Library/TinyTeX/texmf-dist/fonts/type1/public/lm/lmmib10.p
fb></Users/juangabriel/Library/TinyTeX/texmf-dist/fonts/type1/public/lm/lmss10.
pfb></Users/juangabriel/Library/TinyTeX/texmf-dist/fonts/type1/public/lm/lmss12
.pfb></Users/juangabriel/Library/TinyTeX/texmf-dist/fonts/type1/public/lm/lmss8
.pfb></Users/juangabriel/Library/TinyTeX/texmf-dist/fonts/type1/public/lm/lmssb
x10.pfb></Users/juangabriel/Library/TinyTeX/texmf-dist/fonts/type1/public/lm/lm
sso10.pfb></Users/juangabriel/Library/TinyTeX/texmf-dist/fonts/type1/public/lm/
lmsso8.pfb></Users/juangabriel/Library/TinyTeX/texmf-dist/fonts/type1/public/lm
/lmsy10.pfb></Users/juangabriel/Library/TinyTeX/texmf-dist/fonts/type1/public/l
m/lmsy6.pfb></Users/juangabriel/Library/TinyTeX/texmf-dist/fonts/type1/public/l
m/lmsy8.pfb></Users/juangabriel/Library/TinyTeX/texmf-dist/fonts/type1/public/l
m/lmtt10.pfb></Users/juangabriel/Library/TinyTeX/texmf-dist/fonts/type1/public/
lm/lmtti10.pfb></Users/juangabriel/Library/TinyTeX/texmf-dist/fonts/type1/publi
c/amsfonts/symbols/msbm10.pfb>
Output written on introducción_estadística_multivariante.pdf (104 pages, 3325
09 bytes).
PDF statistics:
 828 PDF objects out of 1000 (max. 8388607)
 675 compressed objects within 7 object streams
 312 named destinations out of 1000 (max. 500000)
 51 words of extra memory for PDF output out of 10000 (max. 10000000)

