\BOOKMARK [1][-]{section.1}{\376\377\000E\000j\000e\000r\000c\000i\000c\000i\000o\000s\000\040\000d\000e\000\040\000E\000s\000p\000a\000c\000i\000o\000s\000\040\000m\000u\000e\000s\000t\000r\000a\000l\000e\000s\000\040\000y\000\040\000s\000u\000c\000e\000s\000o\000s}{}% 1
\BOOKMARK [2][-]{subsection.1.1}{\376\377\000P\000r\000o\000b\000l\000e\000m\000a\000\040\0001}{section.1}% 2
\BOOKMARK [3][-]{subsubsection.1.1.1}{\376\377\000S\000o\000l\000u\000c\000i\000\363\000n}{subsection.1.1}% 3
\BOOKMARK [1][-]{section.2}{\376\377\000E\000j\000e\000r\000c\000i\000c\000i\000o\000s\000\040\000d\000e\000\040\000P\000r\000o\000b\000a\000b\000i\000l\000i\000d\000a\000d}{}% 4
\BOOKMARK [2][-]{subsection.2.1}{\376\377\000P\000r\000o\000b\000l\000e\000m\000a\000\040\0001}{section.2}% 5
\BOOKMARK [3][-]{subsubsection.2.1.1}{\376\377\000S\000o\000l\000u\000c\000i\000\363\000n}{subsection.2.1}% 6
\BOOKMARK [2][-]{subsection.2.2}{\376\377\000P\000r\000o\000b\000l\000e\000m\000a\000\040\0002}{section.2}% 7
\BOOKMARK [3][-]{subsubsection.2.2.1}{\376\377\000S\000o\000l\000u\000c\000i\000\363\000n}{subsection.2.2}% 8
\BOOKMARK [2][-]{subsection.2.3}{\376\377\000P\000r\000o\000b\000l\000e\000m\000a\000\040\0003}{section.2}% 9
\BOOKMARK [3][-]{subsubsection.2.3.1}{\376\377\000S\000o\000l\000u\000c\000i\000\363\000n}{subsection.2.3}% 10
\BOOKMARK [2][-]{subsection.2.4}{\376\377\000P\000r\000o\000b\000l\000e\000m\000a\000\040\0004}{section.2}% 11
\BOOKMARK [3][-]{subsubsection.2.4.1}{\376\377\000S\000o\000l\000u\000c\000i\000\363\000n}{subsection.2.4}% 12
\BOOKMARK [2][-]{subsection.2.5}{\376\377\000P\000r\000o\000b\000l\000e\000m\000a\000\040\0005}{section.2}% 13
\BOOKMARK [3][-]{subsubsection.2.5.1}{\376\377\000S\000o\000l\000u\000c\000i\000\363\000n}{subsection.2.5}% 14
\BOOKMARK [2][-]{subsection.2.6}{\376\377\000P\000r\000o\000b\000l\000e\000m\000a\000\040\0006}{section.2}% 15
\BOOKMARK [3][-]{subsubsection.2.6.1}{\376\377\000S\000o\000l\000u\000c\000i\000\363\000n}{subsection.2.6}% 16
\BOOKMARK [2][-]{subsection.2.7}{\376\377\000P\000r\000o\000b\000l\000e\000m\000a\000\040\0007}{section.2}% 17
\BOOKMARK [3][-]{subsubsection.2.7.1}{\376\377\000S\000o\000l\000u\000c\000i\000\363\000n}{subsection.2.7}% 18
\BOOKMARK [2][-]{subsection.2.8}{\376\377\000P\000r\000o\000b\000l\000e\000m\000a\000\040\0008}{section.2}% 19
\BOOKMARK [3][-]{subsubsection.2.8.1}{\376\377\000S\000o\000l\000u\000c\000i\000\363\000n}{subsection.2.8}% 20
\BOOKMARK [2][-]{subsection.2.9}{\376\377\000P\000r\000o\000b\000l\000e\000m\000a\000\040\0009}{section.2}% 21
\BOOKMARK [3][-]{subsubsection.2.9.1}{\376\377\000S\000o\000l\000u\000c\000i\000\363\000n}{subsection.2.9}% 22
\BOOKMARK [2][-]{subsection.2.10}{\376\377\000P\000r\000o\000b\000l\000e\000m\000a\000\040\0001\0000}{section.2}% 23
\BOOKMARK [3][-]{subsubsection.2.10.1}{\376\377\000S\000o\000l\000u\000c\000i\000\363\000n}{subsection.2.10}% 24
\BOOKMARK [2][-]{subsection.2.11}{\376\377\000P\000r\000o\000b\000l\000e\000m\000a\000\040\0001\0001\000.}{section.2}% 25
\BOOKMARK [3][-]{subsubsection.2.11.1}{\376\377\000S\000o\000l\000u\000c\000i\000\363\000n}{subsection.2.11}% 26
\BOOKMARK [2][-]{subsection.2.12}{\376\377\000P\000r\000o\000b\000l\000e\000m\000a\000\040\0001\0002\000.}{section.2}% 27
\BOOKMARK [3][-]{subsubsection.2.12.1}{\376\377\000S\000o\000l\000u\000c\000i\000\363\000n}{subsection.2.12}% 28
\BOOKMARK [2][-]{subsection.2.13}{\376\377\000P\000r\000o\000b\000l\000e\000m\000a\000\040\0001\0003\000.}{section.2}% 29
\BOOKMARK [3][-]{subsubsection.2.13.1}{\376\377\000S\000o\000l\000u\000c\000i\000\363\000n}{subsection.2.13}% 30
\BOOKMARK [2][-]{subsection.2.14}{\376\377\000P\000r\000o\000b\000l\000e\000m\000a\000\040\0001\0004\000.}{section.2}% 31
\BOOKMARK [3][-]{subsubsection.2.14.1}{\376\377\000S\000o\000l\000u\000c\000i\000\363\000n}{subsection.2.14}% 32
\BOOKMARK [2][-]{subsection.2.15}{\376\377\000P\000r\000o\000b\000l\000e\000m\000a\000\040\0001\0005\000.}{section.2}% 33
\BOOKMARK [3][-]{subsubsection.2.15.1}{\376\377\000S\000o\000l\000u\000c\000i\000\363\000n}{subsection.2.15}% 34
\BOOKMARK [2][-]{subsection.2.16}{\376\377\000P\000r\000o\000b\000l\000e\000m\000a\000\040\0001\0006\000.}{section.2}% 35
\BOOKMARK [3][-]{subsubsection.2.16.1}{\376\377\000S\000o\000l\000u\000c\000i\000\363\000n}{subsection.2.16}% 36
\BOOKMARK [2][-]{subsection.2.17}{\376\377\000P\000r\000o\000b\000l\000e\000m\000a\000\040\0001\0007\000.}{section.2}% 37
\BOOKMARK [3][-]{subsubsection.2.17.1}{\376\377\000S\000o\000l\000u\000c\000i\000\363\000n}{subsection.2.17}% 38
\BOOKMARK [1][-]{section.3}{\376\377\000E\000j\000e\000r\000c\000i\000c\000i\000o\000s\000\040\000d\000e\000\040\000I\000n\000d\000e\000p\000e\000n\000d\000e\000n\000c\000i\000a\000\040\000d\000e\000\040\000s\000u\000c\000e\000s\000o\000s}{}% 39
\BOOKMARK [2][-]{subsection.3.1}{\376\377\000P\000r\000o\000b\000l\000e\000m\000a\000\040\0001\000.}{section.3}% 40
\BOOKMARK [3][-]{subsubsection.3.1.1}{\376\377\000S\000o\000l\000u\000c\000i\000\363\000n}{subsection.3.1}% 41
\BOOKMARK [2][-]{subsection.3.2}{\376\377\000P\000r\000o\000b\000l\000e\000m\000a\000\040\0002\000.}{section.3}% 42
\BOOKMARK [3][-]{subsubsection.3.2.1}{\376\377\000S\000o\000l\000u\000c\000i\000\363\000n}{subsection.3.2}% 43
\BOOKMARK [2][-]{subsection.3.3}{\376\377\000P\000r\000o\000b\000l\000e\000m\000a\000\040\0003\000.}{section.3}% 44
\BOOKMARK [3][-]{subsubsection.3.3.1}{\376\377\000S\000o\000l\000u\000c\000i\000\363\000n}{subsection.3.3}% 45
\BOOKMARK [2][-]{subsection.3.4}{\376\377\000P\000r\000o\000b\000l\000e\000m\000a\000\040\0004\000.}{section.3}% 46
\BOOKMARK [3][-]{subsubsection.3.4.1}{\376\377\000S\000o\000l\000u\000c\000i\000\363\000n}{subsection.3.4}% 47
\BOOKMARK [2][-]{subsection.3.5}{\376\377\000P\000r\000o\000b\000l\000e\000m\000a\000\040\0005\000.}{section.3}% 48
